[1.550s] Invoking command in '/home/gilad/my_roboproto_ws/build/robot_bringup': DEBUGINFOD_URLS=https://debuginfod.ubuntu.com PYTHONPATH=/home/gilad/my_roboproto_ws/build/robot_bringup/prefix_override:/usr/lib/python3/dist-packages/colcon_core/task/python/colcon_distutils_commands:/home/gilad/my_roboproto_ws/install/robot_bringup/lib/python3.12/site-packages:${PYTHONPATH} /usr/bin/python3 -W ignore:setup.py install is deprecated -W ignore:easy_install command is deprecated setup.py develop --uninstall --editable --build-directory /home/gilad/my_roboproto_ws/build/robot_bringup/build
[2.084s] running develop
[2.449s] Removing /home/gilad/my_roboproto_ws/install/robot_bringup/lib/python3.12/site-packages/robot-bringup.egg-link (link to .)
[2.505s] Invoked command in '/home/gilad/my_roboproto_ws/build/robot_bringup' returned '0': DEBUGINFOD_URLS=https://debuginfod.ubuntu.com PYTHONPATH=/home/gilad/my_roboproto_ws/build/robot_bringup/prefix_override:/usr/lib/python3/dist-packages/colcon_core/task/python/colcon_distutils_commands:/home/gilad/my_roboproto_ws/install/robot_bringup/lib/python3.12/site-packages:${PYTHONPATH} /usr/bin/python3 -W ignore:setup.py install is deprecated -W ignore:easy_install command is deprecated setup.py develop --uninstall --editable --build-directory /home/gilad/my_roboproto_ws/build/robot_bringup/build
[2.508s] Invoking command in '/home/gilad/my_roboproto_ws/src/robot_bringup': DEBUGINFOD_URLS=https://debuginfod.ubuntu.com PYTHONPATH=/home/gilad/my_roboproto_ws/build/robot_bringup/prefix_override:/usr/lib/python3/dist-packages/colcon_core/task/python/colcon_distutils_commands:/home/gilad/my_roboproto_ws/install/robot_bringup/lib/python3.12/site-packages:${PYTHONPATH} /usr/bin/python3 -W ignore:setup.py install is deprecated -W ignore:easy_install command is deprecated setup.py egg_info --egg-base ../../build/robot_bringup build --build-base /home/gilad/my_roboproto_ws/build/robot_bringup/build install --record /home/gilad/my_roboproto_ws/build/robot_bringup/install.log --single-version-externally-managed install_data --force
[2.959s] running egg_info
[2.991s] writing ../../build/robot_bringup/robot_bringup.egg-info/PKG-INFO
[2.992s] writing dependency_links to ../../build/robot_bringup/robot_bringup.egg-info/dependency_links.txt
[2.992s] writing requirements to ../../build/robot_bringup/robot_bringup.egg-info/requires.txt
[2.992s] writing top-level names to ../../build/robot_bringup/robot_bringup.egg-info/top_level.txt
[3.059s] reading manifest file '../../build/robot_bringup/robot_bringup.egg-info/SOURCES.txt'
[3.060s] writing manifest file '../../build/robot_bringup/robot_bringup.egg-info/SOURCES.txt'
[3.061s] running build
[3.061s] running build_py
[3.061s] creating /home/gilad/my_roboproto_ws/build/robot_bringup/build
[3.062s] creating /home/gilad/my_roboproto_ws/build/robot_bringup/build/lib
[3.062s] creating /home/gilad/my_roboproto_ws/build/robot_bringup/build/lib/robot_bringup
[3.062s] copying robot_bringup/__init__.py -> /home/gilad/my_roboproto_ws/build/robot_bringup/build/lib/robot_bringup
[3.062s] running install
[3.073s] running install_lib
[3.106s] creating /home/gilad/my_roboproto_ws/install/robot_bringup/lib/python3.12/site-packages/robot_bringup
[3.106s] copying /home/gilad/my_roboproto_ws/build/robot_bringup/build/lib/robot_bringup/__init__.py -> /home/gilad/my_roboproto_ws/install/robot_bringup/lib/python3.12/site-packages/robot_bringup
[3.106s] byte-compiling /home/gilad/my_roboproto_ws/install/robot_bringup/lib/python3.12/site-packages/robot_bringup/__init__.py to __init__.cpython-312.pyc
[3.107s] running install_data
[3.107s] copying resource/robot_bringup -> /home/gilad/my_roboproto_ws/install/robot_bringup/share/ament_index/resource_index/packages
[3.107s] copying package.xml -> /home/gilad/my_roboproto_ws/install/robot_bringup/share/robot_bringup
[3.108s] copying launch/robot_bringup.launch.py -> /home/gilad/my_roboproto_ws/install/robot_bringup/share/robot_bringup/launch
[3.108s] copying config/robot_params.yaml -> /home/gilad/my_roboproto_ws/install/robot_bringup/share/robot_bringup/config
[3.108s] running install_egg_info
[3.143s] Copying ../../build/robot_bringup/robot_bringup.egg-info to /home/gilad/my_roboproto_ws/install/robot_bringup/lib/python3.12/site-packages/robot_bringup-0.0.0-py3.12.egg-info
[3.145s] running install_scripts
[3.375s] writing list of installed files to '/home/gilad/my_roboproto_ws/build/robot_bringup/install.log'
[3.431s] Invoked command in '/home/gilad/my_roboproto_ws/src/robot_bringup' returned '0': DEBUGINFOD_URLS=https://debuginfod.ubuntu.com PYTHONPATH=/home/gilad/my_roboproto_ws/build/robot_bringup/prefix_override:/usr/lib/python3/dist-packages/colcon_core/task/python/colcon_distutils_commands:/home/gilad/my_roboproto_ws/install/robot_bringup/lib/python3.12/site-packages:${PYTHONPATH} /usr/bin/python3 -W ignore:setup.py install is deprecated -W ignore:easy_install command is deprecated setup.py egg_info --egg-base ../../build/robot_bringup build --build-base /home/gilad/my_roboproto_ws/build/robot_bringup/build install --record /home/gilad/my_roboproto_ws/build/robot_bringup/install.log --single-version-externally-managed install_data --force
