[1.387s] Invoking command in '/home/gilad/my_roboproto_ws/build/robot_bringup': DEBUGINFOD_URLS=https://debuginfod.ubuntu.com PYTHONPATH=/home/gilad/my_roboproto_ws/build/robot_bringup/prefix_override:/usr/lib/python3/dist-packages/colcon_core/task/python/colcon_distutils_commands:/home/gilad/my_roboproto_ws/install/robot_bringup/lib/python3.12/site-packages:${PYTHONPATH} /usr/bin/python3 -W ignore:setup.py install is deprecated -W ignore:easy_install command is deprecated setup.py develop --editable --build-directory /home/gilad/my_roboproto_ws/build/robot_bringup/build --no-deps symlink_data
[1.940s] running develop
[2.293s] running egg_info
[2.293s] creating robot_bringup.egg-info
[2.328s] writing robot_bringup.egg-info/PKG-INFO
[2.329s] writing dependency_links to robot_bringup.egg-info/dependency_links.txt
[2.329s] writing requirements to robot_bringup.egg-info/requires.txt
[2.329s] writing top-level names to robot_bringup.egg-info/top_level.txt
[2.330s] writing manifest file 'robot_bringup.egg-info/SOURCES.txt'
[2.396s] reading manifest file 'robot_bringup.egg-info/SOURCES.txt'
[2.397s] writing manifest file 'robot_bringup.egg-info/SOURCES.txt'
[2.433s] running build_ext
[2.433s] Creating /home/gilad/my_roboproto_ws/install/robot_bringup/lib/python3.12/site-packages/robot-bringup.egg-link (link to .)
[2.434s] 
[2.434s] Installed /home/gilad/my_roboproto_ws/build/robot_bringup
[2.435s] running symlink_data
[2.435s] creating /home/gilad/my_roboproto_ws/install/robot_bringup/share
[2.435s] creating /home/gilad/my_roboproto_ws/install/robot_bringup/share/ament_index
[2.435s] creating /home/gilad/my_roboproto_ws/install/robot_bringup/share/ament_index/resource_index
[2.435s] creating /home/gilad/my_roboproto_ws/install/robot_bringup/share/ament_index/resource_index/packages
[2.435s] symbolically linking /home/gilad/my_roboproto_ws/build/robot_bringup/resource/robot_bringup -> /home/gilad/my_roboproto_ws/install/robot_bringup/share/ament_index/resource_index/packages
[2.436s] creating /home/gilad/my_roboproto_ws/install/robot_bringup/share/robot_bringup
[2.436s] symbolically linking /home/gilad/my_roboproto_ws/build/robot_bringup/package.xml -> /home/gilad/my_roboproto_ws/install/robot_bringup/share/robot_bringup
[2.436s] creating /home/gilad/my_roboproto_ws/install/robot_bringup/share/robot_bringup/launch
[2.436s] symbolically linking /home/gilad/my_roboproto_ws/build/robot_bringup/launch/robot_bringup.launch.py -> /home/gilad/my_roboproto_ws/install/robot_bringup/share/robot_bringup/launch
[2.436s] creating /home/gilad/my_roboproto_ws/install/robot_bringup/share/robot_bringup/config
[2.436s] symbolically linking /home/gilad/my_roboproto_ws/build/robot_bringup/config/robot_params.yaml -> /home/gilad/my_roboproto_ws/install/robot_bringup/share/robot_bringup/config
[2.495s] Invoked command in '/home/gilad/my_roboproto_ws/build/robot_bringup' returned '0': DEBUGINFOD_URLS=https://debuginfod.ubuntu.com PYTHONPATH=/home/gilad/my_roboproto_ws/build/robot_bringup/prefix_override:/usr/lib/python3/dist-packages/colcon_core/task/python/colcon_distutils_commands:/home/gilad/my_roboproto_ws/install/robot_bringup/lib/python3.12/site-packages:${PYTHONPATH} /usr/bin/python3 -W ignore:setup.py install is deprecated -W ignore:easy_install command is deprecated setup.py develop --editable --build-directory /home/gilad/my_roboproto_ws/build/robot_bringup/build --no-deps symlink_data
