running egg_info
creating ../../build/robot_sensors/robot_sensors.egg-info
writing ../../build/robot_sensors/robot_sensors.egg-info/PKG-INFO
writing dependency_links to ../../build/robot_sensors/robot_sensors.egg-info/dependency_links.txt
writing entry points to ../../build/robot_sensors/robot_sensors.egg-info/entry_points.txt
writing requirements to ../../build/robot_sensors/robot_sensors.egg-info/requires.txt
writing top-level names to ../../build/robot_sensors/robot_sensors.egg-info/top_level.txt
writing manifest file '../../build/robot_sensors/robot_sensors.egg-info/SOURCES.txt'
reading manifest file '../../build/robot_sensors/robot_sensors.egg-info/SOURCES.txt'
adding license file 'LICENSE'
writing manifest file '../../build/robot_sensors/robot_sensors.egg-info/SOURCES.txt'
running build
running build_py
creating /home/gilad/my_roboproto_ws/build/robot_sensors/build
creating /home/gilad/my_roboproto_ws/build/robot_sensors/build/lib
creating /home/gilad/my_roboproto_ws/build/robot_sensors/build/lib/robot_sensors
copying robot_sensors/distance_sensor.py -> /home/gilad/my_roboproto_ws/build/robot_sensors/build/lib/robot_sensors
copying robot_sensors/__init__.py -> /home/gilad/my_roboproto_ws/build/robot_sensors/build/lib/robot_sensors
running install
running install_lib
creating /home/gilad/my_roboproto_ws/install/robot_sensors/lib/python3.12/site-packages/robot_sensors
copying /home/gilad/my_roboproto_ws/build/robot_sensors/build/lib/robot_sensors/distance_sensor.py -> /home/gilad/my_roboproto_ws/install/robot_sensors/lib/python3.12/site-packages/robot_sensors
copying /home/gilad/my_roboproto_ws/build/robot_sensors/build/lib/robot_sensors/__init__.py -> /home/gilad/my_roboproto_ws/install/robot_sensors/lib/python3.12/site-packages/robot_sensors
byte-compiling /home/gilad/my_roboproto_ws/install/robot_sensors/lib/python3.12/site-packages/robot_sensors/distance_sensor.py to distance_sensor.cpython-312.pyc
byte-compiling /home/gilad/my_roboproto_ws/install/robot_sensors/lib/python3.12/site-packages/robot_sensors/__init__.py to __init__.cpython-312.pyc
running install_data
creating /home/gilad/my_roboproto_ws/install/robot_sensors/share/ament_index
creating /home/gilad/my_roboproto_ws/install/robot_sensors/share/ament_index/resource_index
creating /home/gilad/my_roboproto_ws/install/robot_sensors/share/ament_index/resource_index/packages
copying resource/robot_sensors -> /home/gilad/my_roboproto_ws/install/robot_sensors/share/ament_index/resource_index/packages
copying package.xml -> /home/gilad/my_roboproto_ws/install/robot_sensors/share/robot_sensors
running install_egg_info
Copying ../../build/robot_sensors/robot_sensors.egg-info to /home/gilad/my_roboproto_ws/install/robot_sensors/lib/python3.12/site-packages/robot_sensors-0.0.0-py3.12.egg-info
running install_scripts
Installing distance_sensor script to /home/gilad/my_roboproto_ws/install/robot_sensors/lib/robot_sensors
writing list of installed files to '/home/gilad/my_roboproto_ws/build/robot_sensors/install.log'
