[0.815s] Invoking command in '/home/gilad/my_roboproto_ws/my_robot': DEBUGINFOD_URLS=https://debuginfod.ubuntu.com PYTHONPATH=/home/gilad/my_roboproto_ws/build/my_robot/prefix_override:/usr/lib/python3/dist-packages/colcon_core/task/python/colcon_distutils_commands:/home/gilad/my_roboproto_ws/install/my_robot/lib/python3.12/site-packages:${PYTHONPATH} /usr/bin/python3 -W ignore:setup.py install is deprecated -W ignore:easy_install command is deprecated setup.py egg_info --egg-base ../build/my_robot build --build-base /home/gilad/my_roboproto_ws/build/my_robot/build install --record /home/gilad/my_roboproto_ws/build/my_robot/install.log --single-version-externally-managed install_data
[1.042s] running egg_info
[1.042s] creating ../build/my_robot/my_robot.egg-info
[1.058s] writing ../build/my_robot/my_robot.egg-info/PKG-INFO
[1.058s] writing dependency_links to ../build/my_robot/my_robot.egg-info/dependency_links.txt
[1.058s] writing requirements to ../build/my_robot/my_robot.egg-info/requires.txt
[1.059s] writing top-level names to ../build/my_robot/my_robot.egg-info/top_level.txt
[1.059s] writing manifest file '../build/my_robot/my_robot.egg-info/SOURCES.txt'
[1.091s] reading manifest file '../build/my_robot/my_robot.egg-info/SOURCES.txt'
[1.092s] writing manifest file '../build/my_robot/my_robot.egg-info/SOURCES.txt'
[1.092s] running build
[1.092s] running build_py
[1.092s] creating /home/gilad/my_roboproto_ws/build/my_robot/build
[1.092s] creating /home/gilad/my_roboproto_ws/build/my_robot/build/lib
[1.092s] creating /home/gilad/my_roboproto_ws/build/my_robot/build/lib/my_robot
[1.092s] copying my_robot/__init__.py -> /home/gilad/my_roboproto_ws/build/my_robot/build/lib/my_robot
[1.092s] running install
[1.098s] running install_lib
[1.115s] creating /home/gilad/my_roboproto_ws/install/my_robot/lib/python3.12/site-packages/my_robot
[1.115s] copying /home/gilad/my_roboproto_ws/build/my_robot/build/lib/my_robot/__init__.py -> /home/gilad/my_roboproto_ws/install/my_robot/lib/python3.12/site-packages/my_robot
[1.115s] byte-compiling /home/gilad/my_roboproto_ws/install/my_robot/lib/python3.12/site-packages/my_robot/__init__.py to __init__.cpython-312.pyc
[1.116s] running install_data
[1.116s] creating /home/gilad/my_roboproto_ws/install/my_robot/share/ament_index
[1.116s] creating /home/gilad/my_roboproto_ws/install/my_robot/share/ament_index/resource_index
[1.116s] creating /home/gilad/my_roboproto_ws/install/my_robot/share/ament_index/resource_index/packages
[1.116s] copying resource/my_robot -> /home/gilad/my_roboproto_ws/install/my_robot/share/ament_index/resource_index/packages
[1.116s] copying package.xml -> /home/gilad/my_roboproto_ws/install/my_robot/share/my_robot
[1.116s] running install_egg_info
[1.134s] Copying ../build/my_robot/my_robot.egg-info to /home/gilad/my_roboproto_ws/install/my_robot/lib/python3.12/site-packages/my_robot-0.0.0-py3.12.egg-info
[1.134s] running install_scripts
[1.248s] writing list of installed files to '/home/gilad/my_roboproto_ws/build/my_robot/install.log'
[1.286s] Invoked command in '/home/gilad/my_roboproto_ws/my_robot' returned '0': DEBUGINFOD_URLS=https://debuginfod.ubuntu.com PYTHONPATH=/home/gilad/my_roboproto_ws/build/my_robot/prefix_override:/usr/lib/python3/dist-packages/colcon_core/task/python/colcon_distutils_commands:/home/gilad/my_roboproto_ws/install/my_robot/lib/python3.12/site-packages:${PYTHONPATH} /usr/bin/python3 -W ignore:setup.py install is deprecated -W ignore:easy_install command is deprecated setup.py egg_info --egg-base ../build/my_robot build --build-base /home/gilad/my_roboproto_ws/build/my_robot/build install --record /home/gilad/my_roboproto_ws/build/my_robot/install.log --single-version-externally-managed install_data
