[0.177s] DEBUG:colcon:Command line arguments: ['/usr/bin/colcon', 'build']
[0.177s] DEBUG:colcon:Parsed command line arguments: Namespace(log_base=None, log_level=None, verb_name='build', build_base='build', install_base='install', merge_install=False, symlink_install=False, test_result_base=None, continue_on_error=False, executor='parallel', parallel_workers=12, event_handlers=None, ignore_user_meta=False, metas=['./colcon.meta'], base_paths=['.'], packages_ignore=None, packages_ignore_regex=None, paths=None, packages_up_to=None, packages_up_to_regex=None, packages_above=None, packages_above_and_dependencies=None, packages_above_depth=None, packages_select_by_dep=None, packages_skip_by_dep=None, packages_skip_up_to=None, packages_select_build_failed=False, packages_skip_build_finished=False, packages_select_test_failures=False, packages_skip_test_passed=False, packages_select=None, packages_skip=None, packages_select_regex=None, packages_skip_regex=None, packages_start=None, packages_end=None, allow_overriding=[], cmake_args=None, cmake_target=None, cmake_target_skip_unavailable=False, cmake_clean_cache=False, cmake_clean_first=False, cmake_force_configure=False, ament_cmake_args=None, catkin_cmake_args=None, catkin_skip_building_tests=False, verb_parser=<colcon_defaults.argument_parser.defaults.DefaultArgumentsDecorator object at 0x73161d879eb0>, verb_extension=<colcon_core.verb.build.BuildVerb object at 0x73161d9efb30>, main=<bound method BuildVerb.main of <colcon_core.verb.build.BuildVerb object at 0x73161d9efb30>>)
[0.248s] Level 1:colcon.colcon_core.package_discovery:discover_packages(colcon_meta) check parameters
[0.248s] Level 1:colcon.colcon_core.package_discovery:discover_packages(recursive) check parameters
[0.248s] Level 1:colcon.colcon_core.package_discovery:discover_packages(ignore) check parameters
[0.248s] Level 1:colcon.colcon_core.package_discovery:discover_packages(path) check parameters
[0.248s] Level 1:colcon.colcon_core.package_discovery:discover_packages(colcon_meta) discover
[0.248s] Level 1:colcon.colcon_core.package_discovery:discover_packages(recursive) discover
[0.248s] INFO:colcon.colcon_core.package_discovery:Crawling recursively for packages in '/home/gilad/my_roboproto_ws'
[0.248s] Level 1:colcon.colcon_core.package_identification:_identify(.) by extensions ['ignore', 'ignore_ament_install']
[0.249s] Level 1:colcon.colcon_core.package_identification:_identify(.) by extension 'ignore'
[0.249s] Level 1:colcon.colcon_core.package_identification:_identify(.) by extension 'ignore_ament_install'
[0.249s] Level 1:colcon.colcon_core.package_identification:_identify(.) by extensions ['colcon_pkg']
[0.249s] Level 1:colcon.colcon_core.package_identification:_identify(.) by extension 'colcon_pkg'
[0.249s] Level 1:colcon.colcon_core.package_identification:_identify(.) by extensions ['colcon_meta']
[0.249s] Level 1:colcon.colcon_core.package_identification:_identify(.) by extension 'colcon_meta'
[0.249s] Level 1:colcon.colcon_core.package_identification:_identify(.) by extensions ['ros']
[0.249s] Level 1:colcon.colcon_core.package_identification:_identify(.) by extension 'ros'
[0.294s] Level 1:colcon.colcon_core.package_identification:_identify(.) by extensions ['cmake', 'python']
[0.294s] Level 1:colcon.colcon_core.package_identification:_identify(.) by extension 'cmake'
[0.295s] Level 1:colcon.colcon_core.package_identification:_identify(.) by extension 'python'
[0.295s] Level 1:colcon.colcon_core.package_identification:_identify(.) by extensions ['python_setup_py']
[0.295s] Level 1:colcon.colcon_core.package_identification:_identify(.) by extension 'python_setup_py'
[0.295s] Level 1:colcon.colcon_core.package_identification:_identify(build) by extensions ['ignore', 'ignore_ament_install']
[0.295s] Level 1:colcon.colcon_core.package_identification:_identify(build) by extension 'ignore'
[0.295s] Level 1:colcon.colcon_core.package_identification:_identify(build) ignored
[0.295s] Level 1:colcon.colcon_core.package_identification:_identify(install) by extensions ['ignore', 'ignore_ament_install']
[0.295s] Level 1:colcon.colcon_core.package_identification:_identify(install) by extension 'ignore'
[0.296s] Level 1:colcon.colcon_core.package_identification:_identify(install) ignored
[0.296s] Level 1:colcon.colcon_core.package_identification:_identify(log) by extensions ['ignore', 'ignore_ament_install']
[0.296s] Level 1:colcon.colcon_core.package_identification:_identify(log) by extension 'ignore'
[0.296s] Level 1:colcon.colcon_core.package_identification:_identify(log) ignored
[0.296s] Level 1:colcon.colcon_core.package_identification:_identify(src) by extensions ['ignore', 'ignore_ament_install']
[0.296s] Level 1:colcon.colcon_core.package_identification:_identify(src) by extension 'ignore'
[0.296s] Level 1:colcon.colcon_core.package_identification:_identify(src) by extension 'ignore_ament_install'
[0.296s] Level 1:colcon.colcon_core.package_identification:_identify(src) by extensions ['colcon_pkg']
[0.296s] Level 1:colcon.colcon_core.package_identification:_identify(src) by extension 'colcon_pkg'
[0.296s] Level 1:colcon.colcon_core.package_identification:_identify(src) by extensions ['colcon_meta']
[0.296s] Level 1:colcon.colcon_core.package_identification:_identify(src) by extension 'colcon_meta'
[0.297s] Level 1:colcon.colcon_core.package_identification:_identify(src) by extensions ['ros']
[0.297s] Level 1:colcon.colcon_core.package_identification:_identify(src) by extension 'ros'
[0.297s] Level 1:colcon.colcon_core.package_identification:_identify(src) by extensions ['cmake', 'python']
[0.297s] Level 1:colcon.colcon_core.package_identification:_identify(src) by extension 'cmake'
[0.297s] Level 1:colcon.colcon_core.package_identification:_identify(src) by extension 'python'
[0.297s] Level 1:colcon.colcon_core.package_identification:_identify(src) by extensions ['python_setup_py']
[0.297s] Level 1:colcon.colcon_core.package_identification:_identify(src) by extension 'python_setup_py'
[0.297s] Level 1:colcon.colcon_core.package_identification:_identify(src/build) by extensions ['ignore', 'ignore_ament_install']
[0.297s] Level 1:colcon.colcon_core.package_identification:_identify(src/build) by extension 'ignore'
[0.297s] Level 1:colcon.colcon_core.package_identification:_identify(src/build) ignored
[0.297s] Level 1:colcon.colcon_core.package_identification:_identify(src/install) by extensions ['ignore', 'ignore_ament_install']
[0.298s] Level 1:colcon.colcon_core.package_identification:_identify(src/install) by extension 'ignore'
[0.298s] Level 1:colcon.colcon_core.package_identification:_identify(src/install) ignored
[0.298s] Level 1:colcon.colcon_core.package_identification:_identify(src/log) by extensions ['ignore', 'ignore_ament_install']
[0.298s] Level 1:colcon.colcon_core.package_identification:_identify(src/log) by extension 'ignore'
[0.298s] Level 1:colcon.colcon_core.package_identification:_identify(src/log) ignored
[0.298s] Level 1:colcon.colcon_core.package_identification:_identify(src/robot_bringup) by extensions ['ignore', 'ignore_ament_install']
[0.298s] Level 1:colcon.colcon_core.package_identification:_identify(src/robot_bringup) by extension 'ignore'
[0.298s] Level 1:colcon.colcon_core.package_identification:_identify(src/robot_bringup) by extension 'ignore_ament_install'
[0.298s] Level 1:colcon.colcon_core.package_identification:_identify(src/robot_bringup) by extensions ['colcon_pkg']
[0.298s] Level 1:colcon.colcon_core.package_identification:_identify(src/robot_bringup) by extension 'colcon_pkg'
[0.299s] Level 1:colcon.colcon_core.package_identification:_identify(src/robot_bringup) by extensions ['colcon_meta']
[0.299s] Level 1:colcon.colcon_core.package_identification:_identify(src/robot_bringup) by extension 'colcon_meta'
[0.299s] Level 1:colcon.colcon_core.package_identification:_identify(src/robot_bringup) by extensions ['ros']
[0.299s] Level 1:colcon.colcon_core.package_identification:_identify(src/robot_bringup) by extension 'ros'
[0.301s] DEBUG:colcon.colcon_core.package_identification:Failed to parse potential ROS package manifest in'src/robot_bringup': Error(s) in package 'src/robot_bringup/package.xml':
The manifest contains invalid XML:
mismatched tag: line 23, column 2
[0.301s] Level 1:colcon.colcon_core.package_identification:_identify(src/robot_bringup) by extensions ['cmake', 'python']
[0.301s] Level 1:colcon.colcon_core.package_identification:_identify(src/robot_bringup) by extension 'cmake'
[0.301s] Level 1:colcon.colcon_core.package_identification:_identify(src/robot_bringup) by extension 'python'
[0.301s] DEBUG:colcon.colcon_core.package_identification:Python package in 'src/robot_bringup' passes arguments to the setup() function which requires a different identification extension than 'python'
[0.301s] Level 1:colcon.colcon_core.package_identification:_identify(src/robot_bringup) by extensions ['python_setup_py']
[0.301s] Level 1:colcon.colcon_core.package_identification:_identify(src/robot_bringup) by extension 'python_setup_py'
[0.670s] DEBUG:colcon.colcon_core.package_identification:Package 'src/robot_bringup' with type 'python' and name 'robot_bringup'
[0.670s] Level 1:colcon.colcon_core.package_identification:_identify(src/robot_description) by extensions ['ignore', 'ignore_ament_install']
[0.670s] Level 1:colcon.colcon_core.package_identification:_identify(src/robot_description) by extension 'ignore'
[0.670s] Level 1:colcon.colcon_core.package_identification:_identify(src/robot_description) by extension 'ignore_ament_install'
[0.670s] Level 1:colcon.colcon_core.package_identification:_identify(src/robot_description) by extensions ['colcon_pkg']
[0.670s] Level 1:colcon.colcon_core.package_identification:_identify(src/robot_description) by extension 'colcon_pkg'
[0.670s] Level 1:colcon.colcon_core.package_identification:_identify(src/robot_description) by extensions ['colcon_meta']
[0.670s] Level 1:colcon.colcon_core.package_identification:_identify(src/robot_description) by extension 'colcon_meta'
[0.671s] Level 1:colcon.colcon_core.package_identification:_identify(src/robot_description) by extensions ['ros']
[0.671s] Level 1:colcon.colcon_core.package_identification:_identify(src/robot_description) by extension 'ros'
[0.673s] DEBUG:colcon.colcon_core.package_identification:Package 'src/robot_description' with type 'ros.ament_cmake' and name 'robot_description'
[0.673s] Level 1:colcon.colcon_core.package_identification:_identify(src/robot_nodes) by extensions ['ignore', 'ignore_ament_install']
[0.673s] Level 1:colcon.colcon_core.package_identification:_identify(src/robot_nodes) by extension 'ignore'
[0.673s] Level 1:colcon.colcon_core.package_identification:_identify(src/robot_nodes) by extension 'ignore_ament_install'
[0.674s] Level 1:colcon.colcon_core.package_identification:_identify(src/robot_nodes) by extensions ['colcon_pkg']
[0.674s] Level 1:colcon.colcon_core.package_identification:_identify(src/robot_nodes) by extension 'colcon_pkg'
[0.674s] Level 1:colcon.colcon_core.package_identification:_identify(src/robot_nodes) by extensions ['colcon_meta']
[0.674s] Level 1:colcon.colcon_core.package_identification:_identify(src/robot_nodes) by extension 'colcon_meta'
[0.674s] Level 1:colcon.colcon_core.package_identification:_identify(src/robot_nodes) by extensions ['ros']
[0.674s] Level 1:colcon.colcon_core.package_identification:_identify(src/robot_nodes) by extension 'ros'
[0.675s] DEBUG:colcon.colcon_core.package_identification:Package 'src/robot_nodes' with type 'ros.ament_python' and name 'robot_nodes'
[0.675s] Level 1:colcon.colcon_core.package_identification:_identify(src/robot_sensors) by extensions ['ignore', 'ignore_ament_install']
[0.675s] Level 1:colcon.colcon_core.package_identification:_identify(src/robot_sensors) by extension 'ignore'
[0.675s] Level 1:colcon.colcon_core.package_identification:_identify(src/robot_sensors) by extension 'ignore_ament_install'
[0.675s] Level 1:colcon.colcon_core.package_identification:_identify(src/robot_sensors) by extensions ['colcon_pkg']
[0.675s] Level 1:colcon.colcon_core.package_identification:_identify(src/robot_sensors) by extension 'colcon_pkg'
[0.675s] Level 1:colcon.colcon_core.package_identification:_identify(src/robot_sensors) by extensions ['colcon_meta']
[0.675s] Level 1:colcon.colcon_core.package_identification:_identify(src/robot_sensors) by extension 'colcon_meta'
[0.675s] Level 1:colcon.colcon_core.package_identification:_identify(src/robot_sensors) by extensions ['ros']
[0.676s] Level 1:colcon.colcon_core.package_identification:_identify(src/robot_sensors) by extension 'ros'
[0.676s] DEBUG:colcon.colcon_core.package_identification:Package 'src/robot_sensors' with type 'ros.ament_python' and name 'robot_sensors'
[0.676s] Level 1:colcon.colcon_core.package_discovery:discover_packages(recursive) using defaults
[0.677s] Level 1:colcon.colcon_core.package_discovery:discover_packages(ignore) discover
[0.677s] Level 1:colcon.colcon_core.package_discovery:discover_packages(ignore) using defaults
[0.677s] Level 1:colcon.colcon_core.package_discovery:discover_packages(path) discover
[0.677s] Level 1:colcon.colcon_core.package_discovery:discover_packages(path) using defaults
[0.707s] Level 1:colcon.colcon_core.package_discovery:discover_packages(prefix_path) check parameters
[0.708s] Level 1:colcon.colcon_core.package_discovery:discover_packages(prefix_path) discover
[0.710s] DEBUG:colcon.colcon_installed_package_information.package_discovery:Found 1 installed packages in /home/gilad/my_roboproto_ws/install
[0.713s] DEBUG:colcon.colcon_installed_package_information.package_discovery:Found 290 installed packages in /opt/ros/jazzy
[0.714s] Level 1:colcon.colcon_core.package_discovery:discover_packages(prefix_path) using defaults
[0.792s] Level 5:colcon.colcon_core.verb:set package 'robot_bringup' build argument 'cmake_args' from command line to 'None'
[0.792s] Level 5:colcon.colcon_core.verb:set package 'robot_bringup' build argument 'cmake_target' from command line to 'None'
[0.792s] Level 5:colcon.colcon_core.verb:set package 'robot_bringup' build argument 'cmake_target_skip_unavailable' from command line to 'False'
[0.792s] Level 5:colcon.colcon_core.verb:set package 'robot_bringup' build argument 'cmake_clean_cache' from command line to 'False'
[0.792s] Level 5:colcon.colcon_core.verb:set package 'robot_bringup' build argument 'cmake_clean_first' from command line to 'False'
[0.792s] Level 5:colcon.colcon_core.verb:set package 'robot_bringup' build argument 'cmake_force_configure' from command line to 'False'
[0.792s] Level 5:colcon.colcon_core.verb:set package 'robot_bringup' build argument 'ament_cmake_args' from command line to 'None'
[0.793s] Level 5:colcon.colcon_core.verb:set package 'robot_bringup' build argument 'catkin_cmake_args' from command line to 'None'
[0.793s] Level 5:colcon.colcon_core.verb:set package 'robot_bringup' build argument 'catkin_skip_building_tests' from command line to 'False'
[0.793s] DEBUG:colcon.colcon_core.verb:Building package 'robot_bringup' with the following arguments: {'ament_cmake_args': None, 'build_base': '/home/gilad/my_roboproto_ws/build/robot_bringup', 'catkin_cmake_args': None, 'catkin_skip_building_tests': False, 'cmake_args': None, 'cmake_clean_cache': False, 'cmake_clean_first': False, 'cmake_force_configure': False, 'cmake_target': None, 'cmake_target_skip_unavailable': False, 'install_base': '/home/gilad/my_roboproto_ws/install/robot_bringup', 'merge_install': False, 'path': '/home/gilad/my_roboproto_ws/src/robot_bringup', 'symlink_install': False, 'test_result_base': None}
[0.794s] Level 5:colcon.colcon_core.verb:set package 'robot_description' build argument 'cmake_args' from command line to 'None'
[0.794s] Level 5:colcon.colcon_core.verb:set package 'robot_description' build argument 'cmake_target' from command line to 'None'
[0.794s] Level 5:colcon.colcon_core.verb:set package 'robot_description' build argument 'cmake_target_skip_unavailable' from command line to 'False'
[0.794s] Level 5:colcon.colcon_core.verb:set package 'robot_description' build argument 'cmake_clean_cache' from command line to 'False'
[0.794s] Level 5:colcon.colcon_core.verb:set package 'robot_description' build argument 'cmake_clean_first' from command line to 'False'
[0.794s] Level 5:colcon.colcon_core.verb:set package 'robot_description' build argument 'cmake_force_configure' from command line to 'False'
[0.794s] Level 5:colcon.colcon_core.verb:set package 'robot_description' build argument 'ament_cmake_args' from command line to 'None'
[0.794s] Level 5:colcon.colcon_core.verb:set package 'robot_description' build argument 'catkin_cmake_args' from command line to 'None'
[0.795s] Level 5:colcon.colcon_core.verb:set package 'robot_description' build argument 'catkin_skip_building_tests' from command line to 'False'
[0.795s] DEBUG:colcon.colcon_core.verb:Building package 'robot_description' with the following arguments: {'ament_cmake_args': None, 'build_base': '/home/gilad/my_roboproto_ws/build/robot_description', 'catkin_cmake_args': None, 'catkin_skip_building_tests': False, 'cmake_args': None, 'cmake_clean_cache': False, 'cmake_clean_first': False, 'cmake_force_configure': False, 'cmake_target': None, 'cmake_target_skip_unavailable': False, 'install_base': '/home/gilad/my_roboproto_ws/install/robot_description', 'merge_install': False, 'path': '/home/gilad/my_roboproto_ws/src/robot_description', 'symlink_install': False, 'test_result_base': None}
[0.795s] Level 5:colcon.colcon_core.verb:set package 'robot_nodes' build argument 'cmake_args' from command line to 'None'
[0.796s] Level 5:colcon.colcon_core.verb:set package 'robot_nodes' build argument 'cmake_target' from command line to 'None'
[0.796s] Level 5:colcon.colcon_core.verb:set package 'robot_nodes' build argument 'cmake_target_skip_unavailable' from command line to 'False'
[0.796s] Level 5:colcon.colcon_core.verb:set package 'robot_nodes' build argument 'cmake_clean_cache' from command line to 'False'
[0.796s] Level 5:colcon.colcon_core.verb:set package 'robot_nodes' build argument 'cmake_clean_first' from command line to 'False'
[0.796s] Level 5:colcon.colcon_core.verb:set package 'robot_nodes' build argument 'cmake_force_configure' from command line to 'False'
[0.796s] Level 5:colcon.colcon_core.verb:set package 'robot_nodes' build argument 'ament_cmake_args' from command line to 'None'
[0.796s] Level 5:colcon.colcon_core.verb:set package 'robot_nodes' build argument 'catkin_cmake_args' from command line to 'None'
[0.796s] Level 5:colcon.colcon_core.verb:set package 'robot_nodes' build argument 'catkin_skip_building_tests' from command line to 'False'
[0.796s] DEBUG:colcon.colcon_core.verb:Building package 'robot_nodes' with the following arguments: {'ament_cmake_args': None, 'build_base': '/home/gilad/my_roboproto_ws/build/robot_nodes', 'catkin_cmake_args': None, 'catkin_skip_building_tests': False, 'cmake_args': None, 'cmake_clean_cache': False, 'cmake_clean_first': False, 'cmake_force_configure': False, 'cmake_target': None, 'cmake_target_skip_unavailable': False, 'install_base': '/home/gilad/my_roboproto_ws/install/robot_nodes', 'merge_install': False, 'path': '/home/gilad/my_roboproto_ws/src/robot_nodes', 'symlink_install': False, 'test_result_base': None}
[0.797s] Level 5:colcon.colcon_core.verb:set package 'robot_sensors' build argument 'cmake_args' from command line to 'None'
[0.797s] Level 5:colcon.colcon_core.verb:set package 'robot_sensors' build argument 'cmake_target' from command line to 'None'
[0.797s] Level 5:colcon.colcon_core.verb:set package 'robot_sensors' build argument 'cmake_target_skip_unavailable' from command line to 'False'
[0.797s] Level 5:colcon.colcon_core.verb:set package 'robot_sensors' build argument 'cmake_clean_cache' from command line to 'False'
[0.797s] Level 5:colcon.colcon_core.verb:set package 'robot_sensors' build argument 'cmake_clean_first' from command line to 'False'
[0.797s] Level 5:colcon.colcon_core.verb:set package 'robot_sensors' build argument 'cmake_force_configure' from command line to 'False'
[0.797s] Level 5:colcon.colcon_core.verb:set package 'robot_sensors' build argument 'ament_cmake_args' from command line to 'None'
[0.797s] Level 5:colcon.colcon_core.verb:set package 'robot_sensors' build argument 'catkin_cmake_args' from command line to 'None'
[0.797s] Level 5:colcon.colcon_core.verb:set package 'robot_sensors' build argument 'catkin_skip_building_tests' from command line to 'False'
[0.797s] DEBUG:colcon.colcon_core.verb:Building package 'robot_sensors' with the following arguments: {'ament_cmake_args': None, 'build_base': '/home/gilad/my_roboproto_ws/build/robot_sensors', 'catkin_cmake_args': None, 'catkin_skip_building_tests': False, 'cmake_args': None, 'cmake_clean_cache': False, 'cmake_clean_first': False, 'cmake_force_configure': False, 'cmake_target': None, 'cmake_target_skip_unavailable': False, 'install_base': '/home/gilad/my_roboproto_ws/install/robot_sensors', 'merge_install': False, 'path': '/home/gilad/my_roboproto_ws/src/robot_sensors', 'symlink_install': False, 'test_result_base': None}
[0.798s] INFO:colcon.colcon_core.executor:Executing jobs using 'parallel' executor
[0.800s] DEBUG:colcon.colcon_parallel_executor.executor.parallel:run_until_complete
[0.801s] INFO:colcon.colcon_core.task.python.build:Building Python package in '/home/gilad/my_roboproto_ws/src/robot_bringup'
[0.807s] INFO:colcon.colcon_core.plugin_system:Skipping extension 'colcon_core.shell.bat': Not used on non-Windows systems
[0.807s] INFO:colcon.colcon_core.shell:Skip shell extension 'powershell' for command environment: Not usable outside of PowerShell
[0.807s] DEBUG:colcon.colcon_core.shell:Skip shell extension 'dsv' for command environment
[0.817s] INFO:colcon.colcon_ros.task.ament_cmake.build:Building ROS package in '/home/gilad/my_roboproto_ws/src/robot_description' with build type 'ament_cmake'
[0.817s] INFO:colcon.colcon_cmake.task.cmake.build:Building CMake package in '/home/gilad/my_roboproto_ws/src/robot_description'
[0.818s] INFO:colcon.colcon_core.shell:Skip shell extension 'powershell' for command environment: Not usable outside of PowerShell
[0.818s] DEBUG:colcon.colcon_core.shell:Skip shell extension 'dsv' for command environment
[0.827s] INFO:colcon.colcon_ros.task.ament_python.build:Building ROS package in '/home/gilad/my_roboproto_ws/src/robot_nodes' with build type 'ament_python'
[0.828s] Level 1:colcon.colcon_core.shell:create_environment_hook('robot_nodes', 'ament_prefix_path')
[0.829s] INFO:colcon.colcon_core.shell:Creating environment hook '/home/gilad/my_roboproto_ws/install/robot_nodes/share/robot_nodes/hook/ament_prefix_path.ps1'
[0.831s] INFO:colcon.colcon_core.shell:Creating environment descriptor '/home/gilad/my_roboproto_ws/install/robot_nodes/share/robot_nodes/hook/ament_prefix_path.dsv'
[0.832s] INFO:colcon.colcon_core.shell:Creating environment hook '/home/gilad/my_roboproto_ws/install/robot_nodes/share/robot_nodes/hook/ament_prefix_path.sh'
[0.834s] INFO:colcon.colcon_core.shell:Skip shell extension 'powershell' for command environment: Not usable outside of PowerShell
[0.834s] DEBUG:colcon.colcon_core.shell:Skip shell extension 'dsv' for command environment
[0.840s] INFO:colcon.colcon_ros.task.ament_python.build:Building ROS package in '/home/gilad/my_roboproto_ws/src/robot_sensors' with build type 'ament_python'
[0.840s] Level 1:colcon.colcon_core.shell:create_environment_hook('robot_sensors', 'ament_prefix_path')
[0.840s] INFO:colcon.colcon_core.shell:Creating environment hook '/home/gilad/my_roboproto_ws/install/robot_sensors/share/robot_sensors/hook/ament_prefix_path.ps1'
[0.841s] INFO:colcon.colcon_core.shell:Creating environment descriptor '/home/gilad/my_roboproto_ws/install/robot_sensors/share/robot_sensors/hook/ament_prefix_path.dsv'
[0.842s] INFO:colcon.colcon_core.shell:Creating environment hook '/home/gilad/my_roboproto_ws/install/robot_sensors/share/robot_sensors/hook/ament_prefix_path.sh'
[0.843s] INFO:colcon.colcon_core.shell:Skip shell extension 'powershell' for command environment: Not usable outside of PowerShell
[0.843s] DEBUG:colcon.colcon_core.shell:Skip shell extension 'dsv' for command environment
[1.245s] DEBUG:colcon.colcon_core.event_handler.log_command:Invoking command in '/home/gilad/my_roboproto_ws/build/robot_description': CMAKE_PREFIX_PATH=${CMAKE_PREFIX_PATH}:/opt/ros/jazzy DEBUGINFOD_URLS=https://debuginfod.ubuntu.com /usr/bin/cmake /home/gilad/my_roboproto_ws/src/robot_description -DCMAKE_INSTALL_PREFIX=/home/gilad/my_roboproto_ws/install/robot_description
[1.648s] INFO:colcon.colcon_core.task.python.build:Building Python package in '/home/gilad/my_roboproto_ws/src/robot_nodes'
[1.648s] INFO:colcon.colcon_core.shell:Skip shell extension 'powershell' for command environment: Not usable outside of PowerShell
[1.648s] DEBUG:colcon.colcon_core.shell:Skip shell extension 'dsv' for command environment
[2.059s] INFO:colcon.colcon_core.task.python.build:Building Python package in '/home/gilad/my_roboproto_ws/src/robot_sensors'
[2.059s] INFO:colcon.colcon_core.shell:Skip shell extension 'powershell' for command environment: Not usable outside of PowerShell
[2.059s] DEBUG:colcon.colcon_core.shell:Skip shell extension 'dsv' for command environment
[2.351s] DEBUG:colcon.colcon_core.event_handler.log_command:Invoking command in '/home/gilad/my_roboproto_ws/build/robot_bringup': DEBUGINFOD_URLS=https://debuginfod.ubuntu.com PYTHONPATH=/home/gilad/my_roboproto_ws/build/robot_bringup/prefix_override:/usr/lib/python3/dist-packages/colcon_core/task/python/colcon_distutils_commands:/home/gilad/my_roboproto_ws/install/robot_bringup/lib/python3.12/site-packages:${PYTHONPATH} /usr/bin/python3 -W ignore:setup.py install is deprecated -W ignore:easy_install command is deprecated setup.py develop --uninstall --editable --build-directory /home/gilad/my_roboproto_ws/build/robot_bringup/build
[2.676s] DEBUG:colcon.colcon_core.event_handler.log_command:Invoked command in '/home/gilad/my_roboproto_ws/build/robot_description' returned '0': CMAKE_PREFIX_PATH=${CMAKE_PREFIX_PATH}:/opt/ros/jazzy DEBUGINFOD_URLS=https://debuginfod.ubuntu.com /usr/bin/cmake /home/gilad/my_roboproto_ws/src/robot_description -DCMAKE_INSTALL_PREFIX=/home/gilad/my_roboproto_ws/install/robot_description
[2.678s] DEBUG:colcon.colcon_core.event_handler.log_command:Invoking command in '/home/gilad/my_roboproto_ws/build/robot_description': CMAKE_PREFIX_PATH=${CMAKE_PREFIX_PATH}:/opt/ros/jazzy DEBUGINFOD_URLS=https://debuginfod.ubuntu.com /usr/bin/cmake --build /home/gilad/my_roboproto_ws/build/robot_description -- -j12 -l12
[2.753s] DEBUG:colcon.colcon_core.event_handler.log_command:Invoked command in '/home/gilad/my_roboproto_ws/build/robot_description' returned '0': CMAKE_PREFIX_PATH=${CMAKE_PREFIX_PATH}:/opt/ros/jazzy DEBUGINFOD_URLS=https://debuginfod.ubuntu.com /usr/bin/cmake --build /home/gilad/my_roboproto_ws/build/robot_description -- -j12 -l12
[2.772s] DEBUG:colcon.colcon_core.event_handler.log_command:Invoking command in '/home/gilad/my_roboproto_ws/build/robot_description': CMAKE_PREFIX_PATH=${CMAKE_PREFIX_PATH}:/opt/ros/jazzy DEBUGINFOD_URLS=https://debuginfod.ubuntu.com /usr/bin/cmake --install /home/gilad/my_roboproto_ws/build/robot_description
[2.794s] Level 1:colcon.colcon_core.environment:create_environment_scripts_only(robot_description)
[2.795s] DEBUG:colcon.colcon_core.event_handler.log_command:Invoked command in '/home/gilad/my_roboproto_ws/build/robot_description' returned '0': CMAKE_PREFIX_PATH=${CMAKE_PREFIX_PATH}:/opt/ros/jazzy DEBUGINFOD_URLS=https://debuginfod.ubuntu.com /usr/bin/cmake --install /home/gilad/my_roboproto_ws/build/robot_description
[2.800s] Level 1:colcon.colcon_core.environment:checking '/home/gilad/my_roboproto_ws/install/robot_description' for CMake module files
[2.801s] Level 1:colcon.colcon_core.environment:checking '/home/gilad/my_roboproto_ws/install/robot_description' for CMake config files
[2.802s] Level 1:colcon.colcon_core.shell:create_environment_hook('robot_description', 'cmake_prefix_path')
[2.802s] INFO:colcon.colcon_core.shell:Creating environment hook '/home/gilad/my_roboproto_ws/install/robot_description/share/robot_description/hook/cmake_prefix_path.ps1'
[2.803s] INFO:colcon.colcon_core.shell:Creating environment descriptor '/home/gilad/my_roboproto_ws/install/robot_description/share/robot_description/hook/cmake_prefix_path.dsv'
[2.804s] INFO:colcon.colcon_core.shell:Creating environment hook '/home/gilad/my_roboproto_ws/install/robot_description/share/robot_description/hook/cmake_prefix_path.sh'
[2.805s] Level 1:colcon.colcon_core.environment:checking '/home/gilad/my_roboproto_ws/install/robot_description/bin'
[2.805s] Level 1:colcon.colcon_core.environment:checking '/home/gilad/my_roboproto_ws/install/robot_description/lib/pkgconfig/robot_description.pc'
[2.806s] Level 1:colcon.colcon_core.environment:checking '/home/gilad/my_roboproto_ws/install/robot_description/lib/python3.12/site-packages'
[2.807s] Level 1:colcon.colcon_core.environment:checking '/home/gilad/my_roboproto_ws/install/robot_description/bin'
[2.807s] INFO:colcon.colcon_core.shell:Creating package script '/home/gilad/my_roboproto_ws/install/robot_description/share/robot_description/package.ps1'
[2.809s] INFO:colcon.colcon_core.shell:Creating package descriptor '/home/gilad/my_roboproto_ws/install/robot_description/share/robot_description/package.dsv'
[2.810s] INFO:colcon.colcon_core.shell:Creating package script '/home/gilad/my_roboproto_ws/install/robot_description/share/robot_description/package.sh'
[2.813s] INFO:colcon.colcon_core.shell:Creating package script '/home/gilad/my_roboproto_ws/install/robot_description/share/robot_description/package.bash'
[2.814s] INFO:colcon.colcon_core.shell:Creating package script '/home/gilad/my_roboproto_ws/install/robot_description/share/robot_description/package.zsh'
[2.816s] Level 1:colcon.colcon_core.environment:create_file_with_runtime_dependencies(/home/gilad/my_roboproto_ws/install/robot_description/share/colcon-core/packages/robot_description)
[2.817s] Level 1:colcon.colcon_core.environment:create_environment_scripts_only(robot_description)
[2.817s] Level 1:colcon.colcon_core.environment:checking '/home/gilad/my_roboproto_ws/install/robot_description' for CMake module files
[2.819s] Level 1:colcon.colcon_core.environment:checking '/home/gilad/my_roboproto_ws/install/robot_description' for CMake config files
[2.819s] Level 1:colcon.colcon_core.shell:create_environment_hook('robot_description', 'cmake_prefix_path')
[2.820s] INFO:colcon.colcon_core.shell:Creating environment hook '/home/gilad/my_roboproto_ws/install/robot_description/share/robot_description/hook/cmake_prefix_path.ps1'
[2.820s] INFO:colcon.colcon_core.shell:Creating environment descriptor '/home/gilad/my_roboproto_ws/install/robot_description/share/robot_description/hook/cmake_prefix_path.dsv'
[2.821s] INFO:colcon.colcon_core.shell:Creating environment hook '/home/gilad/my_roboproto_ws/install/robot_description/share/robot_description/hook/cmake_prefix_path.sh'
[2.822s] Level 1:colcon.colcon_core.environment:checking '/home/gilad/my_roboproto_ws/install/robot_description/bin'
[2.822s] Level 1:colcon.colcon_core.environment:checking '/home/gilad/my_roboproto_ws/install/robot_description/lib/pkgconfig/robot_description.pc'
[2.822s] Level 1:colcon.colcon_core.environment:checking '/home/gilad/my_roboproto_ws/install/robot_description/lib/python3.12/site-packages'
[2.823s] Level 1:colcon.colcon_core.environment:checking '/home/gilad/my_roboproto_ws/install/robot_description/bin'
[2.823s] INFO:colcon.colcon_core.shell:Creating package script '/home/gilad/my_roboproto_ws/install/robot_description/share/robot_description/package.ps1'
[2.824s] INFO:colcon.colcon_core.shell:Creating package descriptor '/home/gilad/my_roboproto_ws/install/robot_description/share/robot_description/package.dsv'
[2.824s] INFO:colcon.colcon_core.shell:Creating package script '/home/gilad/my_roboproto_ws/install/robot_description/share/robot_description/package.sh'
[2.825s] INFO:colcon.colcon_core.shell:Creating package script '/home/gilad/my_roboproto_ws/install/robot_description/share/robot_description/package.bash'
[2.826s] INFO:colcon.colcon_core.shell:Creating package script '/home/gilad/my_roboproto_ws/install/robot_description/share/robot_description/package.zsh'
[2.826s] Level 1:colcon.colcon_core.environment:create_file_with_runtime_dependencies(/home/gilad/my_roboproto_ws/install/robot_description/share/colcon-core/packages/robot_description)
[3.102s] DEBUG:colcon.colcon_core.event_handler.log_command:Invoking command in '/home/gilad/my_roboproto_ws/src/robot_nodes': DEBUGINFOD_URLS=https://debuginfod.ubuntu.com PYTHONPATH=/home/gilad/my_roboproto_ws/build/robot_nodes/prefix_override:/usr/lib/python3/dist-packages/colcon_core/task/python/colcon_distutils_commands:/home/gilad/my_roboproto_ws/install/robot_nodes/lib/python3.12/site-packages:${PYTHONPATH} /usr/bin/python3 -W ignore:setup.py install is deprecated -W ignore:easy_install command is deprecated setup.py egg_info --egg-base ../../build/robot_nodes build --build-base /home/gilad/my_roboproto_ws/build/robot_nodes/build install --record /home/gilad/my_roboproto_ws/build/robot_nodes/install.log --single-version-externally-managed install_data
[3.108s] DEBUG:colcon.colcon_core.event_handler.log_command:Invoking command in '/home/gilad/my_roboproto_ws/src/robot_sensors': DEBUGINFOD_URLS=https://debuginfod.ubuntu.com PYTHONPATH=/home/gilad/my_roboproto_ws/build/robot_sensors/prefix_override:/usr/lib/python3/dist-packages/colcon_core/task/python/colcon_distutils_commands:/home/gilad/my_roboproto_ws/install/robot_sensors/lib/python3.12/site-packages:${PYTHONPATH} /usr/bin/python3 -W ignore:setup.py install is deprecated -W ignore:easy_install command is deprecated setup.py egg_info --egg-base ../../build/robot_sensors build --build-base /home/gilad/my_roboproto_ws/build/robot_sensors/build install --record /home/gilad/my_roboproto_ws/build/robot_sensors/install.log --single-version-externally-managed install_data
[3.306s] DEBUG:colcon.colcon_core.event_handler.log_command:Invoked command in '/home/gilad/my_roboproto_ws/build/robot_bringup' returned '0': DEBUGINFOD_URLS=https://debuginfod.ubuntu.com PYTHONPATH=/home/gilad/my_roboproto_ws/build/robot_bringup/prefix_override:/usr/lib/python3/dist-packages/colcon_core/task/python/colcon_distutils_commands:/home/gilad/my_roboproto_ws/install/robot_bringup/lib/python3.12/site-packages:${PYTHONPATH} /usr/bin/python3 -W ignore:setup.py install is deprecated -W ignore:easy_install command is deprecated setup.py develop --uninstall --editable --build-directory /home/gilad/my_roboproto_ws/build/robot_bringup/build
[3.309s] DEBUG:colcon.colcon_core.event_handler.log_command:Invoking command in '/home/gilad/my_roboproto_ws/src/robot_bringup': DEBUGINFOD_URLS=https://debuginfod.ubuntu.com PYTHONPATH=/home/gilad/my_roboproto_ws/build/robot_bringup/prefix_override:/usr/lib/python3/dist-packages/colcon_core/task/python/colcon_distutils_commands:/home/gilad/my_roboproto_ws/install/robot_bringup/lib/python3.12/site-packages:${PYTHONPATH} /usr/bin/python3 -W ignore:setup.py install is deprecated -W ignore:easy_install command is deprecated setup.py egg_info --egg-base ../../build/robot_bringup build --build-base /home/gilad/my_roboproto_ws/build/robot_bringup/build install --record /home/gilad/my_roboproto_ws/build/robot_bringup/install.log --single-version-externally-managed install_data --force
[4.044s] Level 1:colcon.colcon_core.environment:checking '/home/gilad/my_roboproto_ws/install/robot_nodes' for CMake module files
[4.045s] DEBUG:colcon.colcon_core.event_handler.log_command:Invoked command in '/home/gilad/my_roboproto_ws/src/robot_nodes' returned '0': DEBUGINFOD_URLS=https://debuginfod.ubuntu.com PYTHONPATH=/home/gilad/my_roboproto_ws/build/robot_nodes/prefix_override:/usr/lib/python3/dist-packages/colcon_core/task/python/colcon_distutils_commands:/home/gilad/my_roboproto_ws/install/robot_nodes/lib/python3.12/site-packages:${PYTHONPATH} /usr/bin/python3 -W ignore:setup.py install is deprecated -W ignore:easy_install command is deprecated setup.py egg_info --egg-base ../../build/robot_nodes build --build-base /home/gilad/my_roboproto_ws/build/robot_nodes/build install --record /home/gilad/my_roboproto_ws/build/robot_nodes/install.log --single-version-externally-managed install_data
[4.046s] Level 1:colcon.colcon_core.environment:checking '/home/gilad/my_roboproto_ws/install/robot_nodes' for CMake config files
[4.046s] Level 1:colcon.colcon_core.environment:checking '/home/gilad/my_roboproto_ws/install/robot_nodes/lib'
[4.047s] Level 1:colcon.colcon_core.environment:checking '/home/gilad/my_roboproto_ws/install/robot_nodes/bin'
[4.047s] Level 1:colcon.colcon_core.environment:checking '/home/gilad/my_roboproto_ws/install/robot_nodes/lib/pkgconfig/robot_nodes.pc'
[4.047s] Level 1:colcon.colcon_core.environment:checking '/home/gilad/my_roboproto_ws/install/robot_nodes/lib/python3.12/site-packages'
[4.047s] Level 1:colcon.colcon_core.shell:create_environment_hook('robot_nodes', 'pythonpath')
[4.048s] INFO:colcon.colcon_core.shell:Creating environment hook '/home/gilad/my_roboproto_ws/install/robot_nodes/share/robot_nodes/hook/pythonpath.ps1'
[4.048s] INFO:colcon.colcon_core.shell:Creating environment descriptor '/home/gilad/my_roboproto_ws/install/robot_nodes/share/robot_nodes/hook/pythonpath.dsv'
[4.049s] INFO:colcon.colcon_core.shell:Creating environment hook '/home/gilad/my_roboproto_ws/install/robot_nodes/share/robot_nodes/hook/pythonpath.sh'
[4.050s] Level 1:colcon.colcon_core.environment:checking '/home/gilad/my_roboproto_ws/install/robot_nodes/bin'
[4.050s] Level 1:colcon.colcon_core.environment:create_environment_scripts_only(robot_nodes)
[4.050s] INFO:colcon.colcon_core.shell:Creating package script '/home/gilad/my_roboproto_ws/install/robot_nodes/share/robot_nodes/package.ps1'
[4.051s] INFO:colcon.colcon_core.shell:Creating package descriptor '/home/gilad/my_roboproto_ws/install/robot_nodes/share/robot_nodes/package.dsv'
[4.052s] INFO:colcon.colcon_core.shell:Creating package script '/home/gilad/my_roboproto_ws/install/robot_nodes/share/robot_nodes/package.sh'
[4.052s] INFO:colcon.colcon_core.shell:Creating package script '/home/gilad/my_roboproto_ws/install/robot_nodes/share/robot_nodes/package.bash'
[4.053s] INFO:colcon.colcon_core.shell:Creating package script '/home/gilad/my_roboproto_ws/install/robot_nodes/share/robot_nodes/package.zsh'
[4.053s] Level 1:colcon.colcon_core.environment:create_file_with_runtime_dependencies(/home/gilad/my_roboproto_ws/install/robot_nodes/share/colcon-core/packages/robot_nodes)
[4.056s] Level 1:colcon.colcon_core.environment:checking '/home/gilad/my_roboproto_ws/install/robot_sensors' for CMake module files
[4.057s] DEBUG:colcon.colcon_core.event_handler.log_command:Invoked command in '/home/gilad/my_roboproto_ws/src/robot_sensors' returned '0': DEBUGINFOD_URLS=https://debuginfod.ubuntu.com PYTHONPATH=/home/gilad/my_roboproto_ws/build/robot_sensors/prefix_override:/usr/lib/python3/dist-packages/colcon_core/task/python/colcon_distutils_commands:/home/gilad/my_roboproto_ws/install/robot_sensors/lib/python3.12/site-packages:${PYTHONPATH} /usr/bin/python3 -W ignore:setup.py install is deprecated -W ignore:easy_install command is deprecated setup.py egg_info --egg-base ../../build/robot_sensors build --build-base /home/gilad/my_roboproto_ws/build/robot_sensors/build install --record /home/gilad/my_roboproto_ws/build/robot_sensors/install.log --single-version-externally-managed install_data
[4.058s] Level 1:colcon.colcon_core.environment:checking '/home/gilad/my_roboproto_ws/install/robot_sensors' for CMake config files
[4.060s] Level 1:colcon.colcon_core.environment:checking '/home/gilad/my_roboproto_ws/install/robot_sensors/lib'
[4.060s] Level 1:colcon.colcon_core.environment:checking '/home/gilad/my_roboproto_ws/install/robot_sensors/bin'
[4.060s] Level 1:colcon.colcon_core.environment:checking '/home/gilad/my_roboproto_ws/install/robot_sensors/lib/pkgconfig/robot_sensors.pc'
[4.061s] Level 1:colcon.colcon_core.environment:checking '/home/gilad/my_roboproto_ws/install/robot_sensors/lib/python3.12/site-packages'
[4.061s] Level 1:colcon.colcon_core.shell:create_environment_hook('robot_sensors', 'pythonpath')
[4.062s] INFO:colcon.colcon_core.shell:Creating environment hook '/home/gilad/my_roboproto_ws/install/robot_sensors/share/robot_sensors/hook/pythonpath.ps1'
[4.063s] INFO:colcon.colcon_core.shell:Creating environment descriptor '/home/gilad/my_roboproto_ws/install/robot_sensors/share/robot_sensors/hook/pythonpath.dsv'
[4.064s] INFO:colcon.colcon_core.shell:Creating environment hook '/home/gilad/my_roboproto_ws/install/robot_sensors/share/robot_sensors/hook/pythonpath.sh'
[4.065s] Level 1:colcon.colcon_core.environment:checking '/home/gilad/my_roboproto_ws/install/robot_sensors/bin'
[4.065s] Level 1:colcon.colcon_core.environment:create_environment_scripts_only(robot_sensors)
[4.066s] INFO:colcon.colcon_core.shell:Creating package script '/home/gilad/my_roboproto_ws/install/robot_sensors/share/robot_sensors/package.ps1'
[4.067s] INFO:colcon.colcon_core.shell:Creating package descriptor '/home/gilad/my_roboproto_ws/install/robot_sensors/share/robot_sensors/package.dsv'
[4.068s] INFO:colcon.colcon_core.shell:Creating package script '/home/gilad/my_roboproto_ws/install/robot_sensors/share/robot_sensors/package.sh'
[4.069s] INFO:colcon.colcon_core.shell:Creating package script '/home/gilad/my_roboproto_ws/install/robot_sensors/share/robot_sensors/package.bash'
[4.069s] INFO:colcon.colcon_core.shell:Creating package script '/home/gilad/my_roboproto_ws/install/robot_sensors/share/robot_sensors/package.zsh'
[4.070s] Level 1:colcon.colcon_core.environment:create_file_with_runtime_dependencies(/home/gilad/my_roboproto_ws/install/robot_sensors/share/colcon-core/packages/robot_sensors)
[4.231s] Level 1:colcon.colcon_core.environment:checking '/home/gilad/my_roboproto_ws/install/robot_bringup' for CMake module files
[4.232s] DEBUG:colcon.colcon_core.event_handler.log_command:Invoked command in '/home/gilad/my_roboproto_ws/src/robot_bringup' returned '0': DEBUGINFOD_URLS=https://debuginfod.ubuntu.com PYTHONPATH=/home/gilad/my_roboproto_ws/build/robot_bringup/prefix_override:/usr/lib/python3/dist-packages/colcon_core/task/python/colcon_distutils_commands:/home/gilad/my_roboproto_ws/install/robot_bringup/lib/python3.12/site-packages:${PYTHONPATH} /usr/bin/python3 -W ignore:setup.py install is deprecated -W ignore:easy_install command is deprecated setup.py egg_info --egg-base ../../build/robot_bringup build --build-base /home/gilad/my_roboproto_ws/build/robot_bringup/build install --record /home/gilad/my_roboproto_ws/build/robot_bringup/install.log --single-version-externally-managed install_data --force
[4.233s] Level 1:colcon.colcon_core.environment:checking '/home/gilad/my_roboproto_ws/install/robot_bringup' for CMake config files
[4.234s] Level 1:colcon.colcon_core.environment:checking '/home/gilad/my_roboproto_ws/install/robot_bringup/lib'
[4.234s] Level 1:colcon.colcon_core.environment:checking '/home/gilad/my_roboproto_ws/install/robot_bringup/bin'
[4.234s] Level 1:colcon.colcon_core.environment:checking '/home/gilad/my_roboproto_ws/install/robot_bringup/lib/pkgconfig/robot_bringup.pc'
[4.234s] Level 1:colcon.colcon_core.environment:checking '/home/gilad/my_roboproto_ws/install/robot_bringup/lib/python3.12/site-packages'
[4.235s] Level 1:colcon.colcon_core.shell:create_environment_hook('robot_bringup', 'pythonpath')
[4.235s] INFO:colcon.colcon_core.shell:Creating environment hook '/home/gilad/my_roboproto_ws/install/robot_bringup/share/robot_bringup/hook/pythonpath.ps1'
[4.236s] INFO:colcon.colcon_core.shell:Creating environment descriptor '/home/gilad/my_roboproto_ws/install/robot_bringup/share/robot_bringup/hook/pythonpath.dsv'
[4.236s] INFO:colcon.colcon_core.shell:Creating environment hook '/home/gilad/my_roboproto_ws/install/robot_bringup/share/robot_bringup/hook/pythonpath.sh'
[4.237s] Level 1:colcon.colcon_core.environment:checking '/home/gilad/my_roboproto_ws/install/robot_bringup/bin'
[4.237s] Level 1:colcon.colcon_core.environment:create_environment_scripts_only(robot_bringup)
[4.238s] INFO:colcon.colcon_core.shell:Creating package script '/home/gilad/my_roboproto_ws/install/robot_bringup/share/robot_bringup/package.ps1'
[4.238s] INFO:colcon.colcon_core.shell:Creating package descriptor '/home/gilad/my_roboproto_ws/install/robot_bringup/share/robot_bringup/package.dsv'
[4.239s] INFO:colcon.colcon_core.shell:Creating package script '/home/gilad/my_roboproto_ws/install/robot_bringup/share/robot_bringup/package.sh'
[4.239s] INFO:colcon.colcon_core.shell:Creating package script '/home/gilad/my_roboproto_ws/install/robot_bringup/share/robot_bringup/package.bash'
[4.240s] INFO:colcon.colcon_core.shell:Creating package script '/home/gilad/my_roboproto_ws/install/robot_bringup/share/robot_bringup/package.zsh'
[4.240s] Level 1:colcon.colcon_core.environment:create_file_with_runtime_dependencies(/home/gilad/my_roboproto_ws/install/robot_bringup/share/colcon-core/packages/robot_bringup)
[4.241s] DEBUG:colcon.colcon_parallel_executor.executor.parallel:closing loop
[4.242s] DEBUG:colcon.colcon_parallel_executor.executor.parallel:loop closed
[4.242s] DEBUG:colcon.colcon_parallel_executor.executor.parallel:run_until_complete finished with '0'
[4.243s] DEBUG:colcon.colcon_core.event_reactor:joining thread
[4.257s] INFO:colcon.colcon_core.plugin_system:Skipping extension 'colcon_notification.desktop_notification.terminal_notifier': Not used on non-Darwin systems
[4.257s] INFO:colcon.colcon_core.plugin_system:Skipping extension 'colcon_notification.desktop_notification.win32': Not used on non-Windows systems
[4.257s] INFO:colcon.colcon_notification.desktop_notification:Sending desktop notification using 'notify2'
[4.283s] DEBUG:colcon.colcon_core.event_reactor:joined thread
[4.283s] INFO:colcon.colcon_core.shell:Creating prefix script '/home/gilad/my_roboproto_ws/install/local_setup.ps1'
[4.285s] INFO:colcon.colcon_core.shell:Creating prefix util module '/home/gilad/my_roboproto_ws/install/_local_setup_util_ps1.py'
[4.287s] INFO:colcon.colcon_core.shell:Creating prefix chain script '/home/gilad/my_roboproto_ws/install/setup.ps1'
[4.288s] INFO:colcon.colcon_core.shell:Creating prefix script '/home/gilad/my_roboproto_ws/install/local_setup.sh'
[4.289s] INFO:colcon.colcon_core.shell:Creating prefix util module '/home/gilad/my_roboproto_ws/install/_local_setup_util_sh.py'
[4.290s] INFO:colcon.colcon_core.shell:Creating prefix chain script '/home/gilad/my_roboproto_ws/install/setup.sh'
[4.292s] INFO:colcon.colcon_core.shell:Creating prefix script '/home/gilad/my_roboproto_ws/install/local_setup.bash'
[4.293s] INFO:colcon.colcon_core.shell:Creating prefix chain script '/home/gilad/my_roboproto_ws/install/setup.bash'
[4.294s] INFO:colcon.colcon_core.shell:Creating prefix script '/home/gilad/my_roboproto_ws/install/local_setup.zsh'
[4.295s] INFO:colcon.colcon_core.shell:Creating prefix chain script '/home/gilad/my_roboproto_ws/install/setup.zsh'
