running egg_info
creating ../build/robot_nodes/robot_nodes.egg-info
writing ../build/robot_nodes/robot_nodes.egg-info/PKG-INFO
writing dependency_links to ../build/robot_nodes/robot_nodes.egg-info/dependency_links.txt
writing requirements to ../build/robot_nodes/robot_nodes.egg-info/requires.txt
writing top-level names to ../build/robot_nodes/robot_nodes.egg-info/top_level.txt
writing manifest file '../build/robot_nodes/robot_nodes.egg-info/SOURCES.txt'
reading manifest file '../build/robot_nodes/robot_nodes.egg-info/SOURCES.txt'
writing manifest file '../build/robot_nodes/robot_nodes.egg-info/SOURCES.txt'
running build
running build_py
creating /home/gilad/my_roboproto_ws/src/build/robot_nodes/build
creating /home/gilad/my_roboproto_ws/src/build/robot_nodes/build/lib
creating /home/gilad/my_roboproto_ws/src/build/robot_nodes/build/lib/robot_nodes
copying robot_nodes/__init__.py -> /home/gilad/my_roboproto_ws/src/build/robot_nodes/build/lib/robot_nodes
running install
running install_lib
creating /home/gilad/my_roboproto_ws/src/install/robot_nodes/lib/python3.12/site-packages/robot_nodes
copying /home/gilad/my_roboproto_ws/src/build/robot_nodes/build/lib/robot_nodes/__init__.py -> /home/gilad/my_roboproto_ws/src/install/robot_nodes/lib/python3.12/site-packages/robot_nodes
byte-compiling /home/gilad/my_roboproto_ws/src/install/robot_nodes/lib/python3.12/site-packages/robot_nodes/__init__.py to __init__.cpython-312.pyc
running install_data
creating /home/gilad/my_roboproto_ws/src/install/robot_nodes/share/ament_index
creating /home/gilad/my_roboproto_ws/src/install/robot_nodes/share/ament_index/resource_index
creating /home/gilad/my_roboproto_ws/src/install/robot_nodes/share/ament_index/resource_index/packages
copying resource/robot_nodes -> /home/gilad/my_roboproto_ws/src/install/robot_nodes/share/ament_index/resource_index/packages
copying package.xml -> /home/gilad/my_roboproto_ws/src/install/robot_nodes/share/robot_nodes
running install_egg_info
Copying ../build/robot_nodes/robot_nodes.egg-info to /home/gilad/my_roboproto_ws/src/install/robot_nodes/lib/python3.12/site-packages/robot_nodes-0.0.0-py3.12.egg-info
running install_scripts
writing list of installed files to '/home/gilad/my_roboproto_ws/src/build/robot_nodes/install.log'
