[2.275s] Invoking command in '/home/gilad/my_roboproto_ws/src/robot_nodes': DEBUGINFOD_URLS=https://debuginfod.ubuntu.com PYTHONPATH=/home/gilad/my_roboproto_ws/build/robot_nodes/prefix_override:/usr/lib/python3/dist-packages/colcon_core/task/python/colcon_distutils_commands:/home/gilad/my_roboproto_ws/install/robot_nodes/lib/python3.12/site-packages:${PYTHONPATH} /usr/bin/python3 -W ignore:setup.py install is deprecated -W ignore:easy_install command is deprecated setup.py egg_info --egg-base ../../build/robot_nodes build --build-base /home/gilad/my_roboproto_ws/build/robot_nodes/build install --record /home/gilad/my_roboproto_ws/build/robot_nodes/install.log --single-version-externally-managed install_data
[2.735s] running egg_info
[2.735s] creating ../../build/robot_nodes/robot_nodes.egg-info
[2.767s] writing ../../build/robot_nodes/robot_nodes.egg-info/PKG-INFO
[2.768s] writing dependency_links to ../../build/robot_nodes/robot_nodes.egg-info/dependency_links.txt
[2.768s] writing entry points to ../../build/robot_nodes/robot_nodes.egg-info/entry_points.txt
[2.768s] writing requirements to ../../build/robot_nodes/robot_nodes.egg-info/requires.txt
[2.768s] writing top-level names to ../../build/robot_nodes/robot_nodes.egg-info/top_level.txt
[2.769s] writing manifest file '../../build/robot_nodes/robot_nodes.egg-info/SOURCES.txt'
[2.835s] reading manifest file '../../build/robot_nodes/robot_nodes.egg-info/SOURCES.txt'
[2.837s] writing manifest file '../../build/robot_nodes/robot_nodes.egg-info/SOURCES.txt'
[2.837s] running build
[2.837s] running build_py
[2.837s] creating /home/gilad/my_roboproto_ws/build/robot_nodes/build
[2.837s] creating /home/gilad/my_roboproto_ws/build/robot_nodes/build/lib
[2.837s] creating /home/gilad/my_roboproto_ws/build/robot_nodes/build/lib/robot_nodes
[2.838s] copying robot_nodes/motor_node.py -> /home/gilad/my_roboproto_ws/build/robot_nodes/build/lib/robot_nodes
[2.838s] copying robot_nodes/__init__.py -> /home/gilad/my_roboproto_ws/build/robot_nodes/build/lib/robot_nodes
[2.838s] copying robot_nodes/state_machine.py -> /home/gilad/my_roboproto_ws/build/robot_nodes/build/lib/robot_nodes
[2.838s] running install
[2.850s] running install_lib
[2.883s] creating /home/gilad/my_roboproto_ws/install/robot_nodes/lib/python3.12/site-packages/robot_nodes
[2.884s] copying /home/gilad/my_roboproto_ws/build/robot_nodes/build/lib/robot_nodes/motor_node.py -> /home/gilad/my_roboproto_ws/install/robot_nodes/lib/python3.12/site-packages/robot_nodes
[2.884s] copying /home/gilad/my_roboproto_ws/build/robot_nodes/build/lib/robot_nodes/__init__.py -> /home/gilad/my_roboproto_ws/install/robot_nodes/lib/python3.12/site-packages/robot_nodes
[2.885s] copying /home/gilad/my_roboproto_ws/build/robot_nodes/build/lib/robot_nodes/state_machine.py -> /home/gilad/my_roboproto_ws/install/robot_nodes/lib/python3.12/site-packages/robot_nodes
[2.885s] byte-compiling /home/gilad/my_roboproto_ws/install/robot_nodes/lib/python3.12/site-packages/robot_nodes/motor_node.py to motor_node.cpython-312.pyc
[2.886s] byte-compiling /home/gilad/my_roboproto_ws/install/robot_nodes/lib/python3.12/site-packages/robot_nodes/__init__.py to __init__.cpython-312.pyc
[2.886s] byte-compiling /home/gilad/my_roboproto_ws/install/robot_nodes/lib/python3.12/site-packages/robot_nodes/state_machine.py to state_machine.cpython-312.pyc
[2.887s] running install_data
[2.888s] creating /home/gilad/my_roboproto_ws/install/robot_nodes/share/ament_index
[2.888s] creating /home/gilad/my_roboproto_ws/install/robot_nodes/share/ament_index/resource_index
[2.888s] creating /home/gilad/my_roboproto_ws/install/robot_nodes/share/ament_index/resource_index/packages
[2.888s] copying resource/robot_nodes -> /home/gilad/my_roboproto_ws/install/robot_nodes/share/ament_index/resource_index/packages
[2.888s] copying package.xml -> /home/gilad/my_roboproto_ws/install/robot_nodes/share/robot_nodes
[2.888s] running install_egg_info
[2.925s] Copying ../../build/robot_nodes/robot_nodes.egg-info to /home/gilad/my_roboproto_ws/install/robot_nodes/lib/python3.12/site-packages/robot_nodes-0.0.0-py3.12.egg-info
[2.926s] running install_scripts
[3.150s] Installing motor_node script to /home/gilad/my_roboproto_ws/install/robot_nodes/lib/robot_nodes
[3.151s] Installing state_machine script to /home/gilad/my_roboproto_ws/install/robot_nodes/lib/robot_nodes
[3.151s] writing list of installed files to '/home/gilad/my_roboproto_ws/build/robot_nodes/install.log'
[3.217s] Invoked command in '/home/gilad/my_roboproto_ws/src/robot_nodes' returned '0': DEBUGINFOD_URLS=https://debuginfod.ubuntu.com PYTHONPATH=/home/gilad/my_roboproto_ws/build/robot_nodes/prefix_override:/usr/lib/python3/dist-packages/colcon_core/task/python/colcon_distutils_commands:/home/gilad/my_roboproto_ws/install/robot_nodes/lib/python3.12/site-packages:${PYTHONPATH} /usr/bin/python3 -W ignore:setup.py install is deprecated -W ignore:easy_install command is deprecated setup.py egg_info --egg-base ../../build/robot_nodes build --build-base /home/gilad/my_roboproto_ws/build/robot_nodes/build install --record /home/gilad/my_roboproto_ws/build/robot_nodes/install.log --single-version-externally-managed install_data
