[0.426s] Invoking command in '/home/gilad/my_roboproto_ws/build/robot_description': CMAKE_PREFIX_PATH=${CMAKE_PREFIX_PATH}:/opt/ros/jazzy DEBUGINFOD_URLS=https://debuginfod.ubuntu.com /usr/bin/cmake /home/gilad/my_roboproto_ws/src/robot_description -DCMAKE_INSTALL_PREFIX=/home/gilad/my_roboproto_ws/install/robot_description
[0.842s] -- The C compiler identification is GNU 13.3.0
[0.842s] -- The CXX compiler identification is GNU 13.3.0
[0.842s] -- Detecting C compiler ABI info
[0.881s] -- Detecting C compiler ABI info - done
[0.901s] -- Check for working C compiler: /usr/bin/cc - skipped
[0.901s] -- Detecting C compile features
[0.902s] -- Detecting C compile features - done
[0.922s] -- Detecting CXX compiler ABI info
[1.126s] -- Detecting CXX compiler ABI info - done
[1.145s] -- Check for working CXX compiler: /usr/bin/c++ - skipped
[1.145s] -- Detecting CXX compile features
[1.146s] -- Detecting CXX compile features - done
[1.151s] -- Found ament_cmake: 2.5.4 (/opt/ros/jazzy/share/ament_cmake/cmake)
[1.429s] -- Found Python3: /usr/bin/python3 (found version "3.12.3") found components: Interpreter 
[1.624s] -- Found ament_lint_auto: 0.17.3 (/opt/ros/jazzy/share/ament_lint_auto/cmake)
[1.829s] -- Added test 'lint_cmake' to check CMake code style
[1.832s] -- Added test 'xmllint' to check XML markup files
[1.835s] -- Configuring done (1.4s)
[1.844s] -- Generating done (0.0s)
[1.849s] -- Build files have been written to: /home/gilad/my_roboproto_ws/build/robot_description
[1.858s] Invoked command in '/home/gilad/my_roboproto_ws/build/robot_description' returned '0': CMAKE_PREFIX_PATH=${CMAKE_PREFIX_PATH}:/opt/ros/jazzy DEBUGINFOD_URLS=https://debuginfod.ubuntu.com /usr/bin/cmake /home/gilad/my_roboproto_ws/src/robot_description -DCMAKE_INSTALL_PREFIX=/home/gilad/my_roboproto_ws/install/robot_description
[1.860s] Invoking command in '/home/gilad/my_roboproto_ws/build/robot_description': CMAKE_PREFIX_PATH=${CMAKE_PREFIX_PATH}:/opt/ros/jazzy DEBUGINFOD_URLS=https://debuginfod.ubuntu.com /usr/bin/cmake --build /home/gilad/my_roboproto_ws/build/robot_description -- -j12 -l12
[1.935s] Invoked command in '/home/gilad/my_roboproto_ws/build/robot_description' returned '0': CMAKE_PREFIX_PATH=${CMAKE_PREFIX_PATH}:/opt/ros/jazzy DEBUGINFOD_URLS=https://debuginfod.ubuntu.com /usr/bin/cmake --build /home/gilad/my_roboproto_ws/build/robot_description -- -j12 -l12
[1.954s] Invoking command in '/home/gilad/my_roboproto_ws/build/robot_description': CMAKE_PREFIX_PATH=${CMAKE_PREFIX_PATH}:/opt/ros/jazzy DEBUGINFOD_URLS=https://debuginfod.ubuntu.com /usr/bin/cmake --install /home/gilad/my_roboproto_ws/build/robot_description
[1.967s] -- Install configuration: ""
[1.968s] -- Installing: /home/gilad/my_roboproto_ws/install/robot_description/share/robot_description/urdf
[1.968s] -- Installing: /home/gilad/my_roboproto_ws/install/robot_description/share/robot_description/urdf/robot.urdf.xacro
[1.968s] -- Installing: /home/gilad/my_roboproto_ws/install/robot_description/share/ament_index/resource_index/package_run_dependencies/robot_description
[1.969s] -- Installing: /home/gilad/my_roboproto_ws/install/robot_description/share/ament_index/resource_index/parent_prefix_path/robot_description
[1.969s] -- Installing: /home/gilad/my_roboproto_ws/install/robot_description/share/robot_description/environment/ament_prefix_path.sh
[1.969s] -- Installing: /home/gilad/my_roboproto_ws/install/robot_description/share/robot_description/environment/ament_prefix_path.dsv
[1.970s] -- Installing: /home/gilad/my_roboproto_ws/install/robot_description/share/robot_description/environment/path.sh
[1.970s] -- Installing: /home/gilad/my_roboproto_ws/install/robot_description/share/robot_description/environment/path.dsv
[1.970s] -- Installing: /home/gilad/my_roboproto_ws/install/robot_description/share/robot_description/local_setup.bash
[1.971s] -- Installing: /home/gilad/my_roboproto_ws/install/robot_description/share/robot_description/local_setup.sh
[1.971s] -- Installing: /home/gilad/my_roboproto_ws/install/robot_description/share/robot_description/local_setup.zsh
[1.971s] -- Installing: /home/gilad/my_roboproto_ws/install/robot_description/share/robot_description/local_setup.dsv
[1.971s] -- Installing: /home/gilad/my_roboproto_ws/install/robot_description/share/robot_description/package.dsv
[1.972s] -- Installing: /home/gilad/my_roboproto_ws/install/robot_description/share/ament_index/resource_index/packages/robot_description
[1.972s] -- Installing: /home/gilad/my_roboproto_ws/install/robot_description/share/robot_description/cmake/robot_descriptionConfig.cmake
[1.972s] -- Installing: /home/gilad/my_roboproto_ws/install/robot_description/share/robot_description/cmake/robot_descriptionConfig-version.cmake
[1.972s] -- Installing: /home/gilad/my_roboproto_ws/install/robot_description/share/robot_description/package.xml
[1.977s] Invoked command in '/home/gilad/my_roboproto_ws/build/robot_description' returned '0': CMAKE_PREFIX_PATH=${CMAKE_PREFIX_PATH}:/opt/ros/jazzy DEBUGINFOD_URLS=https://debuginfod.ubuntu.com /usr/bin/cmake --install /home/gilad/my_roboproto_ws/build/robot_description
