running egg_info
writing ../../build/robot_sensors/robot_sensors.egg-info/PKG-INFO
writing dependency_links to ../../build/robot_sensors/robot_sensors.egg-info/dependency_links.txt
writing entry points to ../../build/robot_sensors/robot_sensors.egg-info/entry_points.txt
writing requirements to ../../build/robot_sensors/robot_sensors.egg-info/requires.txt
writing top-level names to ../../build/robot_sensors/robot_sensors.egg-info/top_level.txt
reading manifest file '../../build/robot_sensors/robot_sensors.egg-info/SOURCES.txt'
adding license file 'LICENSE'
writing manifest file '../../build/robot_sensors/robot_sensors.egg-info/SOURCES.txt'
running build
running build_py
running install
running install_lib
running install_data
running install_egg_info
removing '/home/gilad/my_roboproto_ws/install/robot_sensors/lib/python3.12/site-packages/robot_sensors-0.0.0-py3.12.egg-info' (and everything under it)
Copying ../../build/robot_sensors/robot_sensors.egg-info to /home/gilad/my_roboproto_ws/install/robot_sensors/lib/python3.12/site-packages/robot_sensors-0.0.0-py3.12.egg-info
running install_scripts
Installing distance_sensor script to /home/gilad/my_roboproto_ws/install/robot_sensors/lib/robot_sensors
writing list of installed files to '/home/gilad/my_roboproto_ws/build/robot_sensors/install.log'
