[0.243s] DEBUG:colcon:Command line arguments: ['/usr/bin/colcon', 'build', '--symlink-install']
[0.243s] DEBUG:colcon:Parsed command line arguments: Namespace(log_base=None, log_level=None, verb_name='build', build_base='build', install_base='install', merge_install=False, symlink_install=True, test_result_base=None, continue_on_error=False, executor='parallel', parallel_workers=12, event_handlers=None, ignore_user_meta=False, metas=['./colcon.meta'], base_paths=['.'], packages_ignore=None, packages_ignore_regex=None, paths=None, packages_up_to=None, packages_up_to_regex=None, packages_above=None, packages_above_and_dependencies=None, packages_above_depth=None, packages_select_by_dep=None, packages_skip_by_dep=None, packages_skip_up_to=None, packages_select_build_failed=False, packages_skip_build_finished=False, packages_select_test_failures=False, packages_skip_test_passed=False, packages_select=None, packages_skip=None, packages_select_regex=None, packages_skip_regex=None, packages_start=None, packages_end=None, allow_overriding=[], cmake_args=None, cmake_target=None, cmake_target_skip_unavailable=False, cmake_clean_cache=False, cmake_clean_first=False, cmake_force_configure=False, ament_cmake_args=None, catkin_cmake_args=None, catkin_skip_building_tests=False, verb_parser=<colcon_defaults.argument_parser.defaults.DefaultArgumentsDecorator object at 0x745102f79580>, verb_extension=<colcon_core.verb.build.BuildVerb object at 0x7451030ef320>, main=<bound method BuildVerb.main of <colcon_core.verb.build.BuildVerb object at 0x7451030ef320>>)
[0.341s] Level 1:colcon.colcon_core.package_discovery:discover_packages(colcon_meta) check parameters
[0.341s] Level 1:colcon.colcon_core.package_discovery:discover_packages(recursive) check parameters
[0.341s] Level 1:colcon.colcon_core.package_discovery:discover_packages(ignore) check parameters
[0.341s] Level 1:colcon.colcon_core.package_discovery:discover_packages(path) check parameters
[0.341s] Level 1:colcon.colcon_core.package_discovery:discover_packages(colcon_meta) discover
[0.341s] Level 1:colcon.colcon_core.package_discovery:discover_packages(recursive) discover
[0.341s] INFO:colcon.colcon_core.package_discovery:Crawling recursively for packages in '/home/gilad/my_roboproto_ws'
[0.341s] Level 1:colcon.colcon_core.package_identification:_identify(.) by extensions ['ignore', 'ignore_ament_install']
[0.342s] Level 1:colcon.colcon_core.package_identification:_identify(.) by extension 'ignore'
[0.342s] Level 1:colcon.colcon_core.package_identification:_identify(.) by extension 'ignore_ament_install'
[0.342s] Level 1:colcon.colcon_core.package_identification:_identify(.) by extensions ['colcon_pkg']
[0.342s] Level 1:colcon.colcon_core.package_identification:_identify(.) by extension 'colcon_pkg'
[0.342s] Level 1:colcon.colcon_core.package_identification:_identify(.) by extensions ['colcon_meta']
[0.342s] Level 1:colcon.colcon_core.package_identification:_identify(.) by extension 'colcon_meta'
[0.342s] Level 1:colcon.colcon_core.package_identification:_identify(.) by extensions ['ros']
[0.342s] Level 1:colcon.colcon_core.package_identification:_identify(.) by extension 'ros'
[0.385s] Level 1:colcon.colcon_core.package_identification:_identify(.) by extensions ['cmake', 'python']
[0.385s] Level 1:colcon.colcon_core.package_identification:_identify(.) by extension 'cmake'
[0.385s] Level 1:colcon.colcon_core.package_identification:_identify(.) by extension 'python'
[0.385s] Level 1:colcon.colcon_core.package_identification:_identify(.) by extensions ['python_setup_py']
[0.385s] Level 1:colcon.colcon_core.package_identification:_identify(.) by extension 'python_setup_py'
[0.386s] Level 1:colcon.colcon_core.package_identification:_identify(build) by extensions ['ignore', 'ignore_ament_install']
[0.386s] Level 1:colcon.colcon_core.package_identification:_identify(build) by extension 'ignore'
[0.386s] Level 1:colcon.colcon_core.package_identification:_identify(build) ignored
[0.386s] Level 1:colcon.colcon_core.package_identification:_identify(install) by extensions ['ignore', 'ignore_ament_install']
[0.386s] Level 1:colcon.colcon_core.package_identification:_identify(install) by extension 'ignore'
[0.386s] Level 1:colcon.colcon_core.package_identification:_identify(install) ignored
[0.386s] Level 1:colcon.colcon_core.package_identification:_identify(log) by extensions ['ignore', 'ignore_ament_install']
[0.386s] Level 1:colcon.colcon_core.package_identification:_identify(log) by extension 'ignore'
[0.386s] Level 1:colcon.colcon_core.package_identification:_identify(log) ignored
[0.387s] Level 1:colcon.colcon_core.package_identification:_identify(src) by extensions ['ignore', 'ignore_ament_install']
[0.387s] Level 1:colcon.colcon_core.package_identification:_identify(src) by extension 'ignore'
[0.387s] Level 1:colcon.colcon_core.package_identification:_identify(src) by extension 'ignore_ament_install'
[0.387s] Level 1:colcon.colcon_core.package_identification:_identify(src) by extensions ['colcon_pkg']
[0.387s] Level 1:colcon.colcon_core.package_identification:_identify(src) by extension 'colcon_pkg'
[0.387s] Level 1:colcon.colcon_core.package_identification:_identify(src) by extensions ['colcon_meta']
[0.387s] Level 1:colcon.colcon_core.package_identification:_identify(src) by extension 'colcon_meta'
[0.387s] Level 1:colcon.colcon_core.package_identification:_identify(src) by extensions ['ros']
[0.387s] Level 1:colcon.colcon_core.package_identification:_identify(src) by extension 'ros'
[0.387s] Level 1:colcon.colcon_core.package_identification:_identify(src) by extensions ['cmake', 'python']
[0.387s] Level 1:colcon.colcon_core.package_identification:_identify(src) by extension 'cmake'
[0.387s] Level 1:colcon.colcon_core.package_identification:_identify(src) by extension 'python'
[0.387s] Level 1:colcon.colcon_core.package_identification:_identify(src) by extensions ['python_setup_py']
[0.388s] Level 1:colcon.colcon_core.package_identification:_identify(src) by extension 'python_setup_py'
[0.388s] Level 1:colcon.colcon_core.package_identification:_identify(src/build) by extensions ['ignore', 'ignore_ament_install']
[0.388s] Level 1:colcon.colcon_core.package_identification:_identify(src/build) by extension 'ignore'
[0.388s] Level 1:colcon.colcon_core.package_identification:_identify(src/build) ignored
[0.388s] Level 1:colcon.colcon_core.package_identification:_identify(src/install) by extensions ['ignore', 'ignore_ament_install']
[0.388s] Level 1:colcon.colcon_core.package_identification:_identify(src/install) by extension 'ignore'
[0.388s] Level 1:colcon.colcon_core.package_identification:_identify(src/install) ignored
[0.388s] Level 1:colcon.colcon_core.package_identification:_identify(src/log) by extensions ['ignore', 'ignore_ament_install']
[0.388s] Level 1:colcon.colcon_core.package_identification:_identify(src/log) by extension 'ignore'
[0.388s] Level 1:colcon.colcon_core.package_identification:_identify(src/log) ignored
[0.389s] Level 1:colcon.colcon_core.package_identification:_identify(src/robot_bringup) by extensions ['ignore', 'ignore_ament_install']
[0.389s] Level 1:colcon.colcon_core.package_identification:_identify(src/robot_bringup) by extension 'ignore'
[0.389s] Level 1:colcon.colcon_core.package_identification:_identify(src/robot_bringup) by extension 'ignore_ament_install'
[0.389s] Level 1:colcon.colcon_core.package_identification:_identify(src/robot_bringup) by extensions ['colcon_pkg']
[0.389s] Level 1:colcon.colcon_core.package_identification:_identify(src/robot_bringup) by extension 'colcon_pkg'
[0.389s] Level 1:colcon.colcon_core.package_identification:_identify(src/robot_bringup) by extensions ['colcon_meta']
[0.389s] Level 1:colcon.colcon_core.package_identification:_identify(src/robot_bringup) by extension 'colcon_meta'
[0.389s] Level 1:colcon.colcon_core.package_identification:_identify(src/robot_bringup) by extensions ['ros']
[0.389s] Level 1:colcon.colcon_core.package_identification:_identify(src/robot_bringup) by extension 'ros'
[0.394s] DEBUG:colcon.colcon_core.package_identification:Package 'src/robot_bringup' with type 'ros.ament_python' and name 'robot_bringup'
[0.394s] Level 1:colcon.colcon_core.package_identification:_identify(src/robot_nodes) by extensions ['ignore', 'ignore_ament_install']
[0.394s] Level 1:colcon.colcon_core.package_identification:_identify(src/robot_nodes) by extension 'ignore'
[0.394s] Level 1:colcon.colcon_core.package_identification:_identify(src/robot_nodes) by extension 'ignore_ament_install'
[0.394s] Level 1:colcon.colcon_core.package_identification:_identify(src/robot_nodes) by extensions ['colcon_pkg']
[0.394s] Level 1:colcon.colcon_core.package_identification:_identify(src/robot_nodes) by extension 'colcon_pkg'
[0.394s] Level 1:colcon.colcon_core.package_identification:_identify(src/robot_nodes) by extensions ['colcon_meta']
[0.395s] Level 1:colcon.colcon_core.package_identification:_identify(src/robot_nodes) by extension 'colcon_meta'
[0.395s] Level 1:colcon.colcon_core.package_identification:_identify(src/robot_nodes) by extensions ['ros']
[0.395s] Level 1:colcon.colcon_core.package_identification:_identify(src/robot_nodes) by extension 'ros'
[0.396s] DEBUG:colcon.colcon_core.package_identification:Package 'src/robot_nodes' with type 'ros.ament_python' and name 'robot_nodes'
[0.396s] Level 1:colcon.colcon_core.package_discovery:discover_packages(recursive) using defaults
[0.396s] Level 1:colcon.colcon_core.package_discovery:discover_packages(ignore) discover
[0.396s] Level 1:colcon.colcon_core.package_discovery:discover_packages(ignore) using defaults
[0.396s] Level 1:colcon.colcon_core.package_discovery:discover_packages(path) discover
[0.396s] Level 1:colcon.colcon_core.package_discovery:discover_packages(path) using defaults
[0.435s] Level 1:colcon.colcon_core.package_discovery:discover_packages(prefix_path) check parameters
[0.435s] Level 1:colcon.colcon_core.package_discovery:discover_packages(prefix_path) discover
[0.441s] DEBUG:colcon.colcon_installed_package_information.package_discovery:Found 285 installed packages in /opt/ros/jazzy
[0.443s] Level 1:colcon.colcon_core.package_discovery:discover_packages(prefix_path) using defaults
[0.514s] Level 5:colcon.colcon_core.verb:set package 'robot_nodes' build argument 'cmake_args' from command line to 'None'
[0.514s] Level 5:colcon.colcon_core.verb:set package 'robot_nodes' build argument 'cmake_target' from command line to 'None'
[0.514s] Level 5:colcon.colcon_core.verb:set package 'robot_nodes' build argument 'cmake_target_skip_unavailable' from command line to 'False'
[0.514s] Level 5:colcon.colcon_core.verb:set package 'robot_nodes' build argument 'cmake_clean_cache' from command line to 'False'
[0.515s] Level 5:colcon.colcon_core.verb:set package 'robot_nodes' build argument 'cmake_clean_first' from command line to 'False'
[0.515s] Level 5:colcon.colcon_core.verb:set package 'robot_nodes' build argument 'cmake_force_configure' from command line to 'False'
[0.515s] Level 5:colcon.colcon_core.verb:set package 'robot_nodes' build argument 'ament_cmake_args' from command line to 'None'
[0.515s] Level 5:colcon.colcon_core.verb:set package 'robot_nodes' build argument 'catkin_cmake_args' from command line to 'None'
[0.515s] Level 5:colcon.colcon_core.verb:set package 'robot_nodes' build argument 'catkin_skip_building_tests' from command line to 'False'
[0.515s] DEBUG:colcon.colcon_core.verb:Building package 'robot_nodes' with the following arguments: {'ament_cmake_args': None, 'build_base': '/home/gilad/my_roboproto_ws/build/robot_nodes', 'catkin_cmake_args': None, 'catkin_skip_building_tests': False, 'cmake_args': None, 'cmake_clean_cache': False, 'cmake_clean_first': False, 'cmake_force_configure': False, 'cmake_target': None, 'cmake_target_skip_unavailable': False, 'install_base': '/home/gilad/my_roboproto_ws/install/robot_nodes', 'merge_install': False, 'path': '/home/gilad/my_roboproto_ws/src/robot_nodes', 'symlink_install': True, 'test_result_base': None}
[0.515s] Level 5:colcon.colcon_core.verb:set package 'robot_bringup' build argument 'cmake_args' from command line to 'None'
[0.515s] Level 5:colcon.colcon_core.verb:set package 'robot_bringup' build argument 'cmake_target' from command line to 'None'
[0.515s] Level 5:colcon.colcon_core.verb:set package 'robot_bringup' build argument 'cmake_target_skip_unavailable' from command line to 'False'
[0.515s] Level 5:colcon.colcon_core.verb:set package 'robot_bringup' build argument 'cmake_clean_cache' from command line to 'False'
[0.515s] Level 5:colcon.colcon_core.verb:set package 'robot_bringup' build argument 'cmake_clean_first' from command line to 'False'
[0.515s] Level 5:colcon.colcon_core.verb:set package 'robot_bringup' build argument 'cmake_force_configure' from command line to 'False'
[0.515s] Level 5:colcon.colcon_core.verb:set package 'robot_bringup' build argument 'ament_cmake_args' from command line to 'None'
[0.515s] Level 5:colcon.colcon_core.verb:set package 'robot_bringup' build argument 'catkin_cmake_args' from command line to 'None'
[0.515s] Level 5:colcon.colcon_core.verb:set package 'robot_bringup' build argument 'catkin_skip_building_tests' from command line to 'False'
[0.515s] DEBUG:colcon.colcon_core.verb:Building package 'robot_bringup' with the following arguments: {'ament_cmake_args': None, 'build_base': '/home/gilad/my_roboproto_ws/build/robot_bringup', 'catkin_cmake_args': None, 'catkin_skip_building_tests': False, 'cmake_args': None, 'cmake_clean_cache': False, 'cmake_clean_first': False, 'cmake_force_configure': False, 'cmake_target': None, 'cmake_target_skip_unavailable': False, 'install_base': '/home/gilad/my_roboproto_ws/install/robot_bringup', 'merge_install': False, 'path': '/home/gilad/my_roboproto_ws/src/robot_bringup', 'symlink_install': True, 'test_result_base': None}
[0.516s] INFO:colcon.colcon_core.executor:Executing jobs using 'parallel' executor
[0.517s] DEBUG:colcon.colcon_parallel_executor.executor.parallel:run_until_complete
[0.518s] INFO:colcon.colcon_ros.task.ament_python.build:Building ROS package in '/home/gilad/my_roboproto_ws/src/robot_nodes' with build type 'ament_python'
[0.518s] Level 1:colcon.colcon_core.shell:create_environment_hook('robot_nodes', 'ament_prefix_path')
[0.524s] INFO:colcon.colcon_core.plugin_system:Skipping extension 'colcon_core.shell.bat': Not used on non-Windows systems
[0.524s] INFO:colcon.colcon_core.shell:Creating environment hook '/home/gilad/my_roboproto_ws/install/robot_nodes/share/robot_nodes/hook/ament_prefix_path.ps1'
[0.526s] INFO:colcon.colcon_core.shell:Creating environment descriptor '/home/gilad/my_roboproto_ws/install/robot_nodes/share/robot_nodes/hook/ament_prefix_path.dsv'
[0.527s] INFO:colcon.colcon_core.shell:Creating environment hook '/home/gilad/my_roboproto_ws/install/robot_nodes/share/robot_nodes/hook/ament_prefix_path.sh'
[0.528s] INFO:colcon.colcon_core.shell:Skip shell extension 'powershell' for command environment: Not usable outside of PowerShell
[0.528s] DEBUG:colcon.colcon_core.shell:Skip shell extension 'dsv' for command environment
[0.915s] INFO:colcon.colcon_core.task.python.build:Building Python package in '/home/gilad/my_roboproto_ws/src/robot_nodes'
[0.916s] INFO:colcon.colcon_core.shell:Skip shell extension 'powershell' for command environment: Not usable outside of PowerShell
[0.916s] DEBUG:colcon.colcon_core.shell:Skip shell extension 'dsv' for command environment
[2.153s] DEBUG:colcon.colcon_core.task.python.build:While undoing a previous installation files outside the Python library path are being ignored: /home/gilad/my_roboproto_ws/install/robot_nodes/share/ament_index/resource_index/packages/robot_nodes
[2.153s] DEBUG:colcon.colcon_core.task.python.build:While undoing a previous installation files outside the Python library path are being ignored: /home/gilad/my_roboproto_ws/install/robot_nodes/share/robot_nodes/package.xml
[2.158s] DEBUG:colcon.colcon_core.event_handler.log_command:Invoking command in '/home/gilad/my_roboproto_ws/build/robot_nodes': DEBUGINFOD_URLS=https://debuginfod.ubuntu.com PYTHONPATH=/home/gilad/my_roboproto_ws/build/robot_nodes/prefix_override:/usr/lib/python3/dist-packages/colcon_core/task/python/colcon_distutils_commands:/home/gilad/my_roboproto_ws/install/robot_nodes/lib/python3.12/site-packages:${PYTHONPATH} /usr/bin/python3 -W ignore:setup.py install is deprecated -W ignore:easy_install command is deprecated setup.py develop --editable --build-directory /home/gilad/my_roboproto_ws/build/robot_nodes/build --no-deps symlink_data --force
[3.225s] Level 1:colcon.colcon_core.shell:create_environment_hook('robot_nodes', 'pythonpath_develop')
[3.226s] INFO:colcon.colcon_core.shell:Creating environment hook '/home/gilad/my_roboproto_ws/build/robot_nodes/share/robot_nodes/hook/pythonpath_develop.ps1'
[3.227s] DEBUG:colcon.colcon_core.event_handler.log_command:Invoked command in '/home/gilad/my_roboproto_ws/build/robot_nodes' returned '0': DEBUGINFOD_URLS=https://debuginfod.ubuntu.com PYTHONPATH=/home/gilad/my_roboproto_ws/build/robot_nodes/prefix_override:/usr/lib/python3/dist-packages/colcon_core/task/python/colcon_distutils_commands:/home/gilad/my_roboproto_ws/install/robot_nodes/lib/python3.12/site-packages:${PYTHONPATH} /usr/bin/python3 -W ignore:setup.py install is deprecated -W ignore:easy_install command is deprecated setup.py develop --editable --build-directory /home/gilad/my_roboproto_ws/build/robot_nodes/build --no-deps symlink_data --force
[3.227s] INFO:colcon.colcon_core.shell:Creating environment descriptor '/home/gilad/my_roboproto_ws/build/robot_nodes/share/robot_nodes/hook/pythonpath_develop.dsv'
[3.228s] INFO:colcon.colcon_core.shell:Creating environment hook '/home/gilad/my_roboproto_ws/build/robot_nodes/share/robot_nodes/hook/pythonpath_develop.sh'
[3.237s] Level 1:colcon.colcon_core.environment:checking '/home/gilad/my_roboproto_ws/install/robot_nodes' for CMake module files
[3.238s] Level 1:colcon.colcon_core.environment:checking '/home/gilad/my_roboproto_ws/install/robot_nodes' for CMake config files
[3.239s] Level 1:colcon.colcon_core.environment:checking '/home/gilad/my_roboproto_ws/install/robot_nodes/lib'
[3.239s] Level 1:colcon.colcon_core.environment:checking '/home/gilad/my_roboproto_ws/install/robot_nodes/bin'
[3.239s] Level 1:colcon.colcon_core.environment:checking '/home/gilad/my_roboproto_ws/install/robot_nodes/lib/pkgconfig/robot_nodes.pc'
[3.239s] Level 1:colcon.colcon_core.environment:checking '/home/gilad/my_roboproto_ws/install/robot_nodes/lib/python3.12/site-packages'
[3.239s] Level 1:colcon.colcon_core.shell:create_environment_hook('robot_nodes', 'pythonpath')
[3.240s] INFO:colcon.colcon_core.shell:Creating environment hook '/home/gilad/my_roboproto_ws/install/robot_nodes/share/robot_nodes/hook/pythonpath.ps1'
[3.240s] INFO:colcon.colcon_core.shell:Creating environment descriptor '/home/gilad/my_roboproto_ws/install/robot_nodes/share/robot_nodes/hook/pythonpath.dsv'
[3.241s] INFO:colcon.colcon_core.shell:Creating environment hook '/home/gilad/my_roboproto_ws/install/robot_nodes/share/robot_nodes/hook/pythonpath.sh'
[3.242s] Level 1:colcon.colcon_core.environment:checking '/home/gilad/my_roboproto_ws/install/robot_nodes/bin'
[3.242s] Level 1:colcon.colcon_core.environment:create_environment_scripts_only(robot_nodes)
[3.242s] INFO:colcon.colcon_core.shell:Creating package script '/home/gilad/my_roboproto_ws/install/robot_nodes/share/robot_nodes/package.ps1'
[3.244s] INFO:colcon.colcon_core.shell:Creating package descriptor '/home/gilad/my_roboproto_ws/install/robot_nodes/share/robot_nodes/package.dsv'
[3.245s] INFO:colcon.colcon_core.shell:Creating package script '/home/gilad/my_roboproto_ws/install/robot_nodes/share/robot_nodes/package.sh'
[3.246s] INFO:colcon.colcon_core.shell:Creating package script '/home/gilad/my_roboproto_ws/install/robot_nodes/share/robot_nodes/package.bash'
[3.248s] INFO:colcon.colcon_core.shell:Creating package script '/home/gilad/my_roboproto_ws/install/robot_nodes/share/robot_nodes/package.zsh'
[3.249s] Level 1:colcon.colcon_core.environment:create_file_with_runtime_dependencies(/home/gilad/my_roboproto_ws/install/robot_nodes/share/colcon-core/packages/robot_nodes)
[3.249s] INFO:colcon.colcon_ros.task.ament_python.build:Building ROS package in '/home/gilad/my_roboproto_ws/src/robot_bringup' with build type 'ament_python'
[3.249s] Level 1:colcon.colcon_core.shell:create_environment_hook('robot_bringup', 'ament_prefix_path')
[3.250s] INFO:colcon.colcon_core.shell:Creating environment hook '/home/gilad/my_roboproto_ws/install/robot_bringup/share/robot_bringup/hook/ament_prefix_path.ps1'
[3.251s] INFO:colcon.colcon_core.shell:Creating environment descriptor '/home/gilad/my_roboproto_ws/install/robot_bringup/share/robot_bringup/hook/ament_prefix_path.dsv'
[3.252s] INFO:colcon.colcon_core.shell:Creating environment hook '/home/gilad/my_roboproto_ws/install/robot_bringup/share/robot_bringup/hook/ament_prefix_path.sh'
[3.253s] INFO:colcon.colcon_core.shell:Skip shell extension 'powershell' for command environment: Not usable outside of PowerShell
[3.253s] DEBUG:colcon.colcon_core.shell:Skip shell extension 'dsv' for command environment
[3.611s] INFO:colcon.colcon_core.task.python.build:Building Python package in '/home/gilad/my_roboproto_ws/src/robot_bringup'
[3.611s] INFO:colcon.colcon_core.shell:Skip shell extension 'powershell' for command environment: Not usable outside of PowerShell
[3.611s] DEBUG:colcon.colcon_core.shell:Skip shell extension 'dsv' for command environment
[4.587s] DEBUG:colcon.colcon_core.event_handler.log_command:Invoking command in '/home/gilad/my_roboproto_ws/build/robot_bringup': AMENT_PREFIX_PATH=/home/gilad/my_roboproto_ws/install/robot_nodes:${AMENT_PREFIX_PATH} DEBUGINFOD_URLS=https://debuginfod.ubuntu.com PYTHONPATH=/home/gilad/my_roboproto_ws/build/robot_bringup/prefix_override:/usr/lib/python3/dist-packages/colcon_core/task/python/colcon_distutils_commands:/home/gilad/my_roboproto_ws/install/robot_bringup/lib/python3.12/site-packages:/home/gilad/my_roboproto_ws/build/robot_nodes:/home/gilad/my_roboproto_ws/install/robot_nodes/lib/python3.12/site-packages:${PYTHONPATH} /usr/bin/python3 -W ignore:setup.py install is deprecated -W ignore:easy_install command is deprecated setup.py develop --editable --build-directory /home/gilad/my_roboproto_ws/build/robot_bringup/build --no-deps symlink_data
[5.649s] Level 1:colcon.colcon_core.shell:create_environment_hook('robot_bringup', 'pythonpath_develop')
[5.649s] INFO:colcon.colcon_core.shell:Creating environment hook '/home/gilad/my_roboproto_ws/build/robot_bringup/share/robot_bringup/hook/pythonpath_develop.ps1'
[5.650s] DEBUG:colcon.colcon_core.event_handler.log_command:Invoked command in '/home/gilad/my_roboproto_ws/build/robot_bringup' returned '0': AMENT_PREFIX_PATH=/home/gilad/my_roboproto_ws/install/robot_nodes:${AMENT_PREFIX_PATH} DEBUGINFOD_URLS=https://debuginfod.ubuntu.com PYTHONPATH=/home/gilad/my_roboproto_ws/build/robot_bringup/prefix_override:/usr/lib/python3/dist-packages/colcon_core/task/python/colcon_distutils_commands:/home/gilad/my_roboproto_ws/install/robot_bringup/lib/python3.12/site-packages:/home/gilad/my_roboproto_ws/build/robot_nodes:/home/gilad/my_roboproto_ws/install/robot_nodes/lib/python3.12/site-packages:${PYTHONPATH} /usr/bin/python3 -W ignore:setup.py install is deprecated -W ignore:easy_install command is deprecated setup.py develop --editable --build-directory /home/gilad/my_roboproto_ws/build/robot_bringup/build --no-deps symlink_data
[5.651s] INFO:colcon.colcon_core.shell:Creating environment descriptor '/home/gilad/my_roboproto_ws/build/robot_bringup/share/robot_bringup/hook/pythonpath_develop.dsv'
[5.651s] INFO:colcon.colcon_core.shell:Creating environment hook '/home/gilad/my_roboproto_ws/build/robot_bringup/share/robot_bringup/hook/pythonpath_develop.sh'
[5.652s] Level 1:colcon.colcon_core.environment:checking '/home/gilad/my_roboproto_ws/install/robot_bringup' for CMake module files
[5.653s] Level 1:colcon.colcon_core.environment:checking '/home/gilad/my_roboproto_ws/install/robot_bringup' for CMake config files
[5.653s] Level 1:colcon.colcon_core.environment:checking '/home/gilad/my_roboproto_ws/install/robot_bringup/lib'
[5.653s] Level 1:colcon.colcon_core.environment:checking '/home/gilad/my_roboproto_ws/install/robot_bringup/bin'
[5.654s] Level 1:colcon.colcon_core.environment:checking '/home/gilad/my_roboproto_ws/install/robot_bringup/lib/pkgconfig/robot_bringup.pc'
[5.654s] Level 1:colcon.colcon_core.environment:checking '/home/gilad/my_roboproto_ws/install/robot_bringup/lib/python3.12/site-packages'
[5.654s] Level 1:colcon.colcon_core.shell:create_environment_hook('robot_bringup', 'pythonpath')
[5.654s] INFO:colcon.colcon_core.shell:Creating environment hook '/home/gilad/my_roboproto_ws/install/robot_bringup/share/robot_bringup/hook/pythonpath.ps1'
[5.655s] INFO:colcon.colcon_core.shell:Creating environment descriptor '/home/gilad/my_roboproto_ws/install/robot_bringup/share/robot_bringup/hook/pythonpath.dsv'
[5.655s] INFO:colcon.colcon_core.shell:Creating environment hook '/home/gilad/my_roboproto_ws/install/robot_bringup/share/robot_bringup/hook/pythonpath.sh'
[5.656s] Level 1:colcon.colcon_core.environment:checking '/home/gilad/my_roboproto_ws/install/robot_bringup/bin'
[5.656s] Level 1:colcon.colcon_core.environment:create_environment_scripts_only(robot_bringup)
[5.657s] INFO:colcon.colcon_core.shell:Creating package script '/home/gilad/my_roboproto_ws/install/robot_bringup/share/robot_bringup/package.ps1'
[5.657s] INFO:colcon.colcon_core.shell:Creating package descriptor '/home/gilad/my_roboproto_ws/install/robot_bringup/share/robot_bringup/package.dsv'
[5.658s] INFO:colcon.colcon_core.shell:Creating package script '/home/gilad/my_roboproto_ws/install/robot_bringup/share/robot_bringup/package.sh'
[5.658s] INFO:colcon.colcon_core.shell:Creating package script '/home/gilad/my_roboproto_ws/install/robot_bringup/share/robot_bringup/package.bash'
[5.659s] INFO:colcon.colcon_core.shell:Creating package script '/home/gilad/my_roboproto_ws/install/robot_bringup/share/robot_bringup/package.zsh'
[5.659s] Level 1:colcon.colcon_core.environment:create_file_with_runtime_dependencies(/home/gilad/my_roboproto_ws/install/robot_bringup/share/colcon-core/packages/robot_bringup)
[5.660s] DEBUG:colcon.colcon_parallel_executor.executor.parallel:closing loop
[5.660s] DEBUG:colcon.colcon_parallel_executor.executor.parallel:loop closed
[5.661s] DEBUG:colcon.colcon_parallel_executor.executor.parallel:run_until_complete finished with '0'
[5.661s] DEBUG:colcon.colcon_core.event_reactor:joining thread
[5.678s] INFO:colcon.colcon_core.plugin_system:Skipping extension 'colcon_notification.desktop_notification.terminal_notifier': Not used on non-Darwin systems
[5.678s] INFO:colcon.colcon_core.plugin_system:Skipping extension 'colcon_notification.desktop_notification.win32': Not used on non-Windows systems
[5.678s] INFO:colcon.colcon_notification.desktop_notification:Sending desktop notification using 'notify2'
[5.718s] DEBUG:colcon.colcon_core.event_reactor:joined thread
[5.719s] INFO:colcon.colcon_core.shell:Creating prefix script '/home/gilad/my_roboproto_ws/install/local_setup.ps1'
[5.720s] INFO:colcon.colcon_core.shell:Creating prefix util module '/home/gilad/my_roboproto_ws/install/_local_setup_util_ps1.py'
[5.722s] INFO:colcon.colcon_core.shell:Creating prefix chain script '/home/gilad/my_roboproto_ws/install/setup.ps1'
[5.724s] INFO:colcon.colcon_core.shell:Creating prefix script '/home/gilad/my_roboproto_ws/install/local_setup.sh'
[5.725s] INFO:colcon.colcon_core.shell:Creating prefix util module '/home/gilad/my_roboproto_ws/install/_local_setup_util_sh.py'
[5.726s] INFO:colcon.colcon_core.shell:Creating prefix chain script '/home/gilad/my_roboproto_ws/install/setup.sh'
[5.727s] INFO:colcon.colcon_core.shell:Creating prefix script '/home/gilad/my_roboproto_ws/install/local_setup.bash'
[5.728s] INFO:colcon.colcon_core.shell:Creating prefix chain script '/home/gilad/my_roboproto_ws/install/setup.bash'
[5.729s] INFO:colcon.colcon_core.shell:Creating prefix script '/home/gilad/my_roboproto_ws/install/local_setup.zsh'
[5.730s] INFO:colcon.colcon_core.shell:Creating prefix chain script '/home/gilad/my_roboproto_ws/install/setup.zsh'
