[1.435s] Invoking command in '/home/gilad/my_roboproto_ws/src/robot_nodes': DEBUGINFOD_URLS=https://debuginfod.ubuntu.com PYTHONPATH=/home/gilad/my_roboproto_ws/build/robot_nodes/prefix_override:/usr/lib/python3/dist-packages/colcon_core/task/python/colcon_distutils_commands:/home/gilad/my_roboproto_ws/install/robot_nodes/lib/python3.12/site-packages:${PYTHONPATH} /usr/bin/python3 -W ignore:setup.py install is deprecated -W ignore:easy_install command is deprecated setup.py egg_info --egg-base ../../build/robot_nodes build --build-base /home/gilad/my_roboproto_ws/build/robot_nodes/build install --record /home/gilad/my_roboproto_ws/build/robot_nodes/install.log --single-version-externally-managed install_data
[1.883s] running egg_info
[1.915s] writing ../../build/robot_nodes/robot_nodes.egg-info/PKG-INFO
[1.916s] writing dependency_links to ../../build/robot_nodes/robot_nodes.egg-info/dependency_links.txt
[1.916s] writing entry points to ../../build/robot_nodes/robot_nodes.egg-info/entry_points.txt
[1.916s] writing requirements to ../../build/robot_nodes/robot_nodes.egg-info/requires.txt
[1.916s] writing top-level names to ../../build/robot_nodes/robot_nodes.egg-info/top_level.txt
[1.983s] reading manifest file '../../build/robot_nodes/robot_nodes.egg-info/SOURCES.txt'
[1.984s] writing manifest file '../../build/robot_nodes/robot_nodes.egg-info/SOURCES.txt'
[1.984s] running build
[1.984s] running build_py
[1.984s] copying robot_nodes/distance_sensor.py -> /home/gilad/my_roboproto_ws/build/robot_nodes/build/lib/robot_nodes
[1.985s] copying robot_nodes/motor_node.py -> /home/gilad/my_roboproto_ws/build/robot_nodes/build/lib/robot_nodes
[1.985s] copying robot_nodes/state_machine.py -> /home/gilad/my_roboproto_ws/build/robot_nodes/build/lib/robot_nodes
[1.986s] running install
[1.997s] running install_lib
[2.031s] copying /home/gilad/my_roboproto_ws/build/robot_nodes/build/lib/robot_nodes/distance_sensor.py -> /home/gilad/my_roboproto_ws/install/robot_nodes/lib/python3.12/site-packages/robot_nodes
[2.031s] copying /home/gilad/my_roboproto_ws/build/robot_nodes/build/lib/robot_nodes/motor_node.py -> /home/gilad/my_roboproto_ws/install/robot_nodes/lib/python3.12/site-packages/robot_nodes
[2.031s] copying /home/gilad/my_roboproto_ws/build/robot_nodes/build/lib/robot_nodes/state_machine.py -> /home/gilad/my_roboproto_ws/install/robot_nodes/lib/python3.12/site-packages/robot_nodes
[2.032s] byte-compiling /home/gilad/my_roboproto_ws/install/robot_nodes/lib/python3.12/site-packages/robot_nodes/distance_sensor.py to distance_sensor.cpython-312.pyc
[2.034s] byte-compiling /home/gilad/my_roboproto_ws/install/robot_nodes/lib/python3.12/site-packages/robot_nodes/motor_node.py to motor_node.cpython-312.pyc
[2.035s] byte-compiling /home/gilad/my_roboproto_ws/install/robot_nodes/lib/python3.12/site-packages/robot_nodes/state_machine.py to state_machine.cpython-312.pyc
[2.036s] running install_data
[2.036s] running install_egg_info
[2.072s] removing '/home/gilad/my_roboproto_ws/install/robot_nodes/lib/python3.12/site-packages/robot_nodes-0.0.0-py3.12.egg-info' (and everything under it)
[2.072s] Copying ../../build/robot_nodes/robot_nodes.egg-info to /home/gilad/my_roboproto_ws/install/robot_nodes/lib/python3.12/site-packages/robot_nodes-0.0.0-py3.12.egg-info
[2.074s] running install_scripts
[2.300s] Installing distance_sensor script to /home/gilad/my_roboproto_ws/install/robot_nodes/lib/robot_nodes
[2.300s] Installing motor_node script to /home/gilad/my_roboproto_ws/install/robot_nodes/lib/robot_nodes
[2.301s] Installing state_machine script to /home/gilad/my_roboproto_ws/install/robot_nodes/lib/robot_nodes
[2.301s] writing list of installed files to '/home/gilad/my_roboproto_ws/build/robot_nodes/install.log'
[2.378s] Invoked command in '/home/gilad/my_roboproto_ws/src/robot_nodes' returned '0': DEBUGINFOD_URLS=https://debuginfod.ubuntu.com PYTHONPATH=/home/gilad/my_roboproto_ws/build/robot_nodes/prefix_override:/usr/lib/python3/dist-packages/colcon_core/task/python/colcon_distutils_commands:/home/gilad/my_roboproto_ws/install/robot_nodes/lib/python3.12/site-packages:${PYTHONPATH} /usr/bin/python3 -W ignore:setup.py install is deprecated -W ignore:easy_install command is deprecated setup.py egg_info --egg-base ../../build/robot_nodes build --build-base /home/gilad/my_roboproto_ws/build/robot_nodes/build install --record /home/gilad/my_roboproto_ws/build/robot_nodes/install.log --single-version-externally-managed install_data
