[1.640s] Invoking command in '/home/gilad/my_roboproto_ws/build/robot_nodes': DEBUGINFOD_URLS=https://debuginfod.ubuntu.com PYTHONPATH=/home/gilad/my_roboproto_ws/build/robot_nodes/prefix_override:/usr/lib/python3/dist-packages/colcon_core/task/python/colcon_distutils_commands:/home/gilad/my_roboproto_ws/install/robot_nodes/lib/python3.12/site-packages:${PYTHONPATH} /usr/bin/python3 -W ignore:setup.py install is deprecated -W ignore:easy_install command is deprecated setup.py develop --editable --build-directory /home/gilad/my_roboproto_ws/build/robot_nodes/build --no-deps symlink_data --force
[2.181s] running develop
[2.515s] running egg_info
[2.547s] writing robot_nodes.egg-info/PKG-INFO
[2.547s] writing dependency_links to robot_nodes.egg-info/dependency_links.txt
[2.548s] writing entry points to robot_nodes.egg-info/entry_points.txt
[2.548s] writing requirements to robot_nodes.egg-info/requires.txt
[2.548s] writing top-level names to robot_nodes.egg-info/top_level.txt
[2.612s] reading manifest file 'robot_nodes.egg-info/SOURCES.txt'
[2.614s] writing manifest file 'robot_nodes.egg-info/SOURCES.txt'
[2.648s] running build_ext
[2.648s] Creating /home/gilad/my_roboproto_ws/install/robot_nodes/lib/python3.12/site-packages/robot-nodes.egg-link (link to .)
[2.649s] Installing distance_sensor script to /home/gilad/my_roboproto_ws/install/robot_nodes/lib/robot_nodes
[2.649s] Installing motor_node script to /home/gilad/my_roboproto_ws/install/robot_nodes/lib/robot_nodes
[2.649s] Installing state_machine script to /home/gilad/my_roboproto_ws/install/robot_nodes/lib/robot_nodes
[2.650s] 
[2.650s] Installed /home/gilad/my_roboproto_ws/build/robot_nodes
[2.650s] running symlink_data
[2.650s] symbolically linking /home/gilad/my_roboproto_ws/build/robot_nodes/resource/robot_nodes -> /home/gilad/my_roboproto_ws/install/robot_nodes/share/ament_index/resource_index/packages
[2.650s] symbolically linking /home/gilad/my_roboproto_ws/build/robot_nodes/package.xml -> /home/gilad/my_roboproto_ws/install/robot_nodes/share/robot_nodes
[2.708s] Invoked command in '/home/gilad/my_roboproto_ws/build/robot_nodes' returned '0': DEBUGINFOD_URLS=https://debuginfod.ubuntu.com PYTHONPATH=/home/gilad/my_roboproto_ws/build/robot_nodes/prefix_override:/usr/lib/python3/dist-packages/colcon_core/task/python/colcon_distutils_commands:/home/gilad/my_roboproto_ws/install/robot_nodes/lib/python3.12/site-packages:${PYTHONPATH} /usr/bin/python3 -W ignore:setup.py install is deprecated -W ignore:easy_install command is deprecated setup.py develop --editable --build-directory /home/gilad/my_roboproto_ws/build/robot_nodes/build --no-deps symlink_data --force
