[1.348s] Invoking command in '/home/gilad/my_roboproto_ws/build/robot_bringup': AMENT_PREFIX_PATH=/home/gilad/my_roboproto_ws/install/robot_nodes:/home/gilad/my_roboproto_ws/install/robot_bringup:/opt/ros/jazzy DEBUGINFOD_URLS=https://debuginfod.ubuntu.com PYTHONPATH=/home/gilad/my_roboproto_ws/build/robot_bringup/prefix_override:/usr/lib/python3/dist-packages/colcon_core/task/python/colcon_distutils_commands:/home/gilad/my_roboproto_ws/install/robot_bringup/lib/python3.12/site-packages:/home/gilad/my_roboproto_ws/install/robot_nodes/lib/python3.12/site-packages:/home/gilad/my_roboproto_ws/build/robot_bringup:/home/gilad/my_roboproto_ws/install/robot_bringup/lib/python3.12/site-packages:/home/gilad/my_roboproto_ws/build/robot_nodes:/opt/ros/jazzy/lib/python3.12/site-packages /usr/bin/python3 -W ignore:setup.py install is deprecated -W ignore:easy_install command is deprecated setup.py develop --uninstall --editable --build-directory /home/gilad/my_roboproto_ws/build/robot_bringup/build
[1.847s] running develop
[2.186s] Removing /home/gilad/my_roboproto_ws/install/robot_bringup/lib/python3.12/site-packages/robot-bringup.egg-link (link to .)
[2.243s] Invoked command in '/home/gilad/my_roboproto_ws/build/robot_bringup' returned '0': AMENT_PREFIX_PATH=/home/gilad/my_roboproto_ws/install/robot_nodes:/home/gilad/my_roboproto_ws/install/robot_bringup:/opt/ros/jazzy DEBUGINFOD_URLS=https://debuginfod.ubuntu.com PYTHONPATH=/home/gilad/my_roboproto_ws/build/robot_bringup/prefix_override:/usr/lib/python3/dist-packages/colcon_core/task/python/colcon_distutils_commands:/home/gilad/my_roboproto_ws/install/robot_bringup/lib/python3.12/site-packages:/home/gilad/my_roboproto_ws/install/robot_nodes/lib/python3.12/site-packages:/home/gilad/my_roboproto_ws/build/robot_bringup:/home/gilad/my_roboproto_ws/install/robot_bringup/lib/python3.12/site-packages:/home/gilad/my_roboproto_ws/build/robot_nodes:/opt/ros/jazzy/lib/python3.12/site-packages /usr/bin/python3 -W ignore:setup.py install is deprecated -W ignore:easy_install command is deprecated setup.py develop --uninstall --editable --build-directory /home/gilad/my_roboproto_ws/build/robot_bringup/build
[2.246s] Invoking command in '/home/gilad/my_roboproto_ws/src/robot_bringup': AMENT_PREFIX_PATH=/home/gilad/my_roboproto_ws/install/robot_nodes:/home/gilad/my_roboproto_ws/install/robot_bringup:/opt/ros/jazzy DEBUGINFOD_URLS=https://debuginfod.ubuntu.com PYTHONPATH=/home/gilad/my_roboproto_ws/build/robot_bringup/prefix_override:/usr/lib/python3/dist-packages/colcon_core/task/python/colcon_distutils_commands:/home/gilad/my_roboproto_ws/install/robot_bringup/lib/python3.12/site-packages:/home/gilad/my_roboproto_ws/install/robot_nodes/lib/python3.12/site-packages:/home/gilad/my_roboproto_ws/build/robot_bringup:/home/gilad/my_roboproto_ws/install/robot_bringup/lib/python3.12/site-packages:/home/gilad/my_roboproto_ws/build/robot_nodes:/opt/ros/jazzy/lib/python3.12/site-packages /usr/bin/python3 -W ignore:setup.py install is deprecated -W ignore:easy_install command is deprecated setup.py egg_info --egg-base ../../build/robot_bringup build --build-base /home/gilad/my_roboproto_ws/build/robot_bringup/build install --record /home/gilad/my_roboproto_ws/build/robot_bringup/install.log --single-version-externally-managed install_data --force
[2.684s] running egg_info
[2.716s] writing ../../build/robot_bringup/robot_bringup.egg-info/PKG-INFO
[2.716s] writing dependency_links to ../../build/robot_bringup/robot_bringup.egg-info/dependency_links.txt
[2.717s] writing requirements to ../../build/robot_bringup/robot_bringup.egg-info/requires.txt
[2.717s] writing top-level names to ../../build/robot_bringup/robot_bringup.egg-info/top_level.txt
[2.782s] reading manifest file '../../build/robot_bringup/robot_bringup.egg-info/SOURCES.txt'
[2.783s] writing manifest file '../../build/robot_bringup/robot_bringup.egg-info/SOURCES.txt'
[2.784s] running build
[2.784s] running build_py
[2.784s] creating /home/gilad/my_roboproto_ws/build/robot_bringup/build
[2.784s] creating /home/gilad/my_roboproto_ws/build/robot_bringup/build/lib
[2.784s] creating /home/gilad/my_roboproto_ws/build/robot_bringup/build/lib/robot_bringup
[2.785s] copying robot_bringup/__init__.py -> /home/gilad/my_roboproto_ws/build/robot_bringup/build/lib/robot_bringup
[2.785s] running install
[2.796s] running install_lib
[2.828s] creating /home/gilad/my_roboproto_ws/install/robot_bringup/lib/python3.12/site-packages/robot_bringup
[2.829s] copying /home/gilad/my_roboproto_ws/build/robot_bringup/build/lib/robot_bringup/__init__.py -> /home/gilad/my_roboproto_ws/install/robot_bringup/lib/python3.12/site-packages/robot_bringup
[2.829s] byte-compiling /home/gilad/my_roboproto_ws/install/robot_bringup/lib/python3.12/site-packages/robot_bringup/__init__.py to __init__.cpython-312.pyc
[2.830s] running install_data
[2.830s] copying resource/robot_bringup -> /home/gilad/my_roboproto_ws/install/robot_bringup/share/ament_index/resource_index/packages
[2.830s] copying package.xml -> /home/gilad/my_roboproto_ws/install/robot_bringup/share/robot_bringup
[2.831s] copying launch/robot_bringup.launch.py -> /home/gilad/my_roboproto_ws/install/robot_bringup/share/robot_bringup/launch
[2.831s] copying config/robot_params.yaml -> /home/gilad/my_roboproto_ws/install/robot_bringup/share/robot_bringup/config
[2.831s] running install_egg_info
[2.866s] Copying ../../build/robot_bringup/robot_bringup.egg-info to /home/gilad/my_roboproto_ws/install/robot_bringup/lib/python3.12/site-packages/robot_bringup-0.0.0-py3.12.egg-info
[2.867s] running install_scripts
[3.087s] writing list of installed files to '/home/gilad/my_roboproto_ws/build/robot_bringup/install.log'
[3.138s] Invoked command in '/home/gilad/my_roboproto_ws/src/robot_bringup' returned '0': AMENT_PREFIX_PATH=/home/gilad/my_roboproto_ws/install/robot_nodes:/home/gilad/my_roboproto_ws/install/robot_bringup:/opt/ros/jazzy DEBUGINFOD_URLS=https://debuginfod.ubuntu.com PYTHONPATH=/home/gilad/my_roboproto_ws/build/robot_bringup/prefix_override:/usr/lib/python3/dist-packages/colcon_core/task/python/colcon_distutils_commands:/home/gilad/my_roboproto_ws/install/robot_bringup/lib/python3.12/site-packages:/home/gilad/my_roboproto_ws/install/robot_nodes/lib/python3.12/site-packages:/home/gilad/my_roboproto_ws/build/robot_bringup:/home/gilad/my_roboproto_ws/install/robot_bringup/lib/python3.12/site-packages:/home/gilad/my_roboproto_ws/build/robot_nodes:/opt/ros/jazzy/lib/python3.12/site-packages /usr/bin/python3 -W ignore:setup.py install is deprecated -W ignore:easy_install command is deprecated setup.py egg_info --egg-base ../../build/robot_bringup build --build-base /home/gilad/my_roboproto_ws/build/robot_bringup/build install --record /home/gilad/my_roboproto_ws/build/robot_bringup/install.log --single-version-externally-managed install_data --force
