[1.336s] Invoking command in '/home/gilad/my_roboproto_ws/build/robot_bringup': AMENT_PREFIX_PATH=/home/gilad/my_roboproto_ws/install/robot_nodes:${AMENT_PREFIX_PATH} DEBUGINFOD_URLS=https://debuginfod.ubuntu.com PYTHONPATH=/home/gilad/my_roboproto_ws/build/robot_bringup/prefix_override:/usr/lib/python3/dist-packages/colcon_core/task/python/colcon_distutils_commands:/home/gilad/my_roboproto_ws/install/robot_bringup/lib/python3.12/site-packages:/home/gilad/my_roboproto_ws/build/robot_nodes:/home/gilad/my_roboproto_ws/install/robot_nodes/lib/python3.12/site-packages:${PYTHONPATH} /usr/bin/python3 -W ignore:setup.py install is deprecated -W ignore:easy_install command is deprecated setup.py develop --editable --build-directory /home/gilad/my_roboproto_ws/build/robot_bringup/build --no-deps symlink_data
[1.869s] running develop
[2.203s] running egg_info
[2.203s] creating robot_bringup.egg-info
[2.236s] writing robot_bringup.egg-info/PKG-INFO
[2.236s] writing dependency_links to robot_bringup.egg-info/dependency_links.txt
[2.236s] writing requirements to robot_bringup.egg-info/requires.txt
[2.237s] writing top-level names to robot_bringup.egg-info/top_level.txt
[2.237s] writing manifest file 'robot_bringup.egg-info/SOURCES.txt'
[2.302s] reading manifest file 'robot_bringup.egg-info/SOURCES.txt'
[2.303s] writing manifest file 'robot_bringup.egg-info/SOURCES.txt'
[2.337s] running build_ext
[2.337s] Creating /home/gilad/my_roboproto_ws/install/robot_bringup/lib/python3.12/site-packages/robot-bringup.egg-link (link to .)
[2.338s] 
[2.338s] Installed /home/gilad/my_roboproto_ws/build/robot_bringup
[2.338s] running symlink_data
[2.338s] creating /home/gilad/my_roboproto_ws/install/robot_bringup/share/ament_index
[2.339s] creating /home/gilad/my_roboproto_ws/install/robot_bringup/share/ament_index/resource_index
[2.339s] creating /home/gilad/my_roboproto_ws/install/robot_bringup/share/ament_index/resource_index/packages
[2.339s] symbolically linking /home/gilad/my_roboproto_ws/build/robot_bringup/resource/robot_bringup -> /home/gilad/my_roboproto_ws/install/robot_bringup/share/ament_index/resource_index/packages
[2.339s] symbolically linking /home/gilad/my_roboproto_ws/build/robot_bringup/package.xml -> /home/gilad/my_roboproto_ws/install/robot_bringup/share/robot_bringup
[2.339s] creating /home/gilad/my_roboproto_ws/install/robot_bringup/share/robot_bringup/launch
[2.339s] symbolically linking /home/gilad/my_roboproto_ws/build/robot_bringup/launch/robot_bringup.launch.py -> /home/gilad/my_roboproto_ws/install/robot_bringup/share/robot_bringup/launch
[2.339s] creating /home/gilad/my_roboproto_ws/install/robot_bringup/share/robot_bringup/config
[2.339s] symbolically linking /home/gilad/my_roboproto_ws/build/robot_bringup/config/robot_params.yaml -> /home/gilad/my_roboproto_ws/install/robot_bringup/share/robot_bringup/config
[2.399s] Invoked command in '/home/gilad/my_roboproto_ws/build/robot_bringup' returned '0': AMENT_PREFIX_PATH=/home/gilad/my_roboproto_ws/install/robot_nodes:${AMENT_PREFIX_PATH} DEBUGINFOD_URLS=https://debuginfod.ubuntu.com PYTHONPATH=/home/gilad/my_roboproto_ws/build/robot_bringup/prefix_override:/usr/lib/python3/dist-packages/colcon_core/task/python/colcon_distutils_commands:/home/gilad/my_roboproto_ws/install/robot_bringup/lib/python3.12/site-packages:/home/gilad/my_roboproto_ws/build/robot_nodes:/home/gilad/my_roboproto_ws/install/robot_nodes/lib/python3.12/site-packages:${PYTHONPATH} /usr/bin/python3 -W ignore:setup.py install is deprecated -W ignore:easy_install command is deprecated setup.py develop --editable --build-directory /home/gilad/my_roboproto_ws/build/robot_bringup/build --no-deps symlink_data
