[0.449s] Invoking command in '/home/gilad/my_roboproto_ws/build/robot_description': CMAKE_PREFIX_PATH=${CMAKE_PREFIX_PATH}:/home/gilad/my_roboproto_ws/install/robot_sensors:/home/gilad/my_roboproto_ws/install/robot_nodes:/opt/ros/jazzy DEBUGINFOD_URLS=https://debuginfod.ubuntu.com /usr/bin/cmake --build /home/gilad/my_roboproto_ws/build/robot_description -- -j12 -l12
[1.250s] Invoked command in '/home/gilad/my_roboproto_ws/build/robot_description' returned '0': CMAKE_PREFIX_PATH=${CMAKE_PREFIX_PATH}:/home/gilad/my_roboproto_ws/install/robot_sensors:/home/gilad/my_roboproto_ws/install/robot_nodes:/opt/ros/jazzy DEBUGINFOD_URLS=https://debuginfod.ubuntu.com /usr/bin/cmake --build /home/gilad/my_roboproto_ws/build/robot_description -- -j12 -l12
[1.270s] Invoking command in '/home/gilad/my_roboproto_ws/build/robot_description': CMAKE_PREFIX_PATH=${CMAKE_PREFIX_PATH}:/home/gilad/my_roboproto_ws/install/robot_sensors:/home/gilad/my_roboproto_ws/install/robot_nodes:/opt/ros/jazzy DEBUGINFOD_URLS=https://debuginfod.ubuntu.com /usr/bin/cmake --install /home/gilad/my_roboproto_ws/build/robot_description
[1.286s] -- Install configuration: ""
[1.286s] -- Up-to-date: /home/gilad/my_roboproto_ws/install/robot_description/share/robot_description/urdf
[1.286s] -- Up-to-date: /home/gilad/my_roboproto_ws/install/robot_description/share/robot_description/urdf/robot.urdf.xacro
[1.287s] -- Up-to-date: /home/gilad/my_roboproto_ws/install/robot_description/share/ament_index/resource_index/package_run_dependencies/robot_description
[1.287s] -- Up-to-date: /home/gilad/my_roboproto_ws/install/robot_description/share/ament_index/resource_index/parent_prefix_path/robot_description
[1.287s] -- Up-to-date: /home/gilad/my_roboproto_ws/install/robot_description/share/robot_description/environment/ament_prefix_path.sh
[1.287s] -- Up-to-date: /home/gilad/my_roboproto_ws/install/robot_description/share/robot_description/environment/ament_prefix_path.dsv
[1.287s] -- Up-to-date: /home/gilad/my_roboproto_ws/install/robot_description/share/robot_description/environment/path.sh
[1.287s] -- Up-to-date: /home/gilad/my_roboproto_ws/install/robot_description/share/robot_description/environment/path.dsv
[1.288s] -- Up-to-date: /home/gilad/my_roboproto_ws/install/robot_description/share/robot_description/local_setup.bash
[1.288s] -- Up-to-date: /home/gilad/my_roboproto_ws/install/robot_description/share/robot_description/local_setup.sh
[1.288s] -- Up-to-date: /home/gilad/my_roboproto_ws/install/robot_description/share/robot_description/local_setup.zsh
[1.288s] -- Up-to-date: /home/gilad/my_roboproto_ws/install/robot_description/share/robot_description/local_setup.dsv
[1.288s] -- Up-to-date: /home/gilad/my_roboproto_ws/install/robot_description/share/robot_description/package.dsv
[1.288s] -- Up-to-date: /home/gilad/my_roboproto_ws/install/robot_description/share/ament_index/resource_index/packages/robot_description
[1.288s] -- Up-to-date: /home/gilad/my_roboproto_ws/install/robot_description/share/robot_description/cmake/robot_descriptionConfig.cmake
[1.289s] -- Up-to-date: /home/gilad/my_roboproto_ws/install/robot_description/share/robot_description/cmake/robot_descriptionConfig-version.cmake
[1.289s] -- Up-to-date: /home/gilad/my_roboproto_ws/install/robot_description/share/robot_description/package.xml
[1.291s] Invoked command in '/home/gilad/my_roboproto_ws/build/robot_description' returned '0': CMAKE_PREFIX_PATH=${CMAKE_PREFIX_PATH}:/home/gilad/my_roboproto_ws/install/robot_sensors:/home/gilad/my_roboproto_ws/install/robot_nodes:/opt/ros/jazzy DEBUGINFOD_URLS=https://debuginfod.ubuntu.com /usr/bin/cmake --install /home/gilad/my_roboproto_ws/build/robot_description
