[1.441s] Invoking command in '/home/gilad/my_roboproto_ws/src/robot_nodes': DEBUGINFOD_URLS=https://debuginfod.ubuntu.com PYTHONPATH=/home/gilad/my_roboproto_ws/build/robot_nodes/prefix_override:/usr/lib/python3/dist-packages/colcon_core/task/python/colcon_distutils_commands:/home/gilad/my_roboproto_ws/install/robot_nodes/lib/python3.12/site-packages:${PYTHONPATH} /usr/bin/python3 -W ignore:setup.py install is deprecated -W ignore:easy_install command is deprecated setup.py egg_info --egg-base ../../build/robot_nodes build --build-base /home/gilad/my_roboproto_ws/build/robot_nodes/build install --record /home/gilad/my_roboproto_ws/build/robot_nodes/install.log --single-version-externally-managed install_data
[1.895s] running egg_info
[1.928s] writing ../../build/robot_nodes/robot_nodes.egg-info/PKG-INFO
[1.928s] writing dependency_links to ../../build/robot_nodes/robot_nodes.egg-info/dependency_links.txt
[1.928s] writing entry points to ../../build/robot_nodes/robot_nodes.egg-info/entry_points.txt
[1.929s] writing requirements to ../../build/robot_nodes/robot_nodes.egg-info/requires.txt
[1.929s] writing top-level names to ../../build/robot_nodes/robot_nodes.egg-info/top_level.txt
[1.996s] reading manifest file '../../build/robot_nodes/robot_nodes.egg-info/SOURCES.txt'
[1.997s] writing manifest file '../../build/robot_nodes/robot_nodes.egg-info/SOURCES.txt'
[1.998s] running build
[1.998s] running build_py
[1.998s] copying robot_nodes/state_machine.py -> /home/gilad/my_roboproto_ws/build/robot_nodes/build/lib/robot_nodes
[1.998s] running install
[2.010s] running install_lib
[2.044s] copying /home/gilad/my_roboproto_ws/build/robot_nodes/build/lib/robot_nodes/state_machine.py -> /home/gilad/my_roboproto_ws/install/robot_nodes/lib/python3.12/site-packages/robot_nodes
[2.044s] byte-compiling /home/gilad/my_roboproto_ws/install/robot_nodes/lib/python3.12/site-packages/robot_nodes/state_machine.py to state_machine.cpython-312.pyc
[2.045s] running install_data
[2.046s] running install_egg_info
[2.082s] removing '/home/gilad/my_roboproto_ws/install/robot_nodes/lib/python3.12/site-packages/robot_nodes-0.0.0-py3.12.egg-info' (and everything under it)
[2.082s] Copying ../../build/robot_nodes/robot_nodes.egg-info to /home/gilad/my_roboproto_ws/install/robot_nodes/lib/python3.12/site-packages/robot_nodes-0.0.0-py3.12.egg-info
[2.084s] running install_scripts
[2.305s] Installing distance_sensor script to /home/gilad/my_roboproto_ws/install/robot_nodes/lib/robot_nodes
[2.305s] Installing motor_node script to /home/gilad/my_roboproto_ws/install/robot_nodes/lib/robot_nodes
[2.306s] Installing state_machine script to /home/gilad/my_roboproto_ws/install/robot_nodes/lib/robot_nodes
[2.306s] writing list of installed files to '/home/gilad/my_roboproto_ws/build/robot_nodes/install.log'
[2.359s] Invoked command in '/home/gilad/my_roboproto_ws/src/robot_nodes' returned '0': DEBUGINFOD_URLS=https://debuginfod.ubuntu.com PYTHONPATH=/home/gilad/my_roboproto_ws/build/robot_nodes/prefix_override:/usr/lib/python3/dist-packages/colcon_core/task/python/colcon_distutils_commands:/home/gilad/my_roboproto_ws/install/robot_nodes/lib/python3.12/site-packages:${PYTHONPATH} /usr/bin/python3 -W ignore:setup.py install is deprecated -W ignore:easy_install command is deprecated setup.py egg_info --egg-base ../../build/robot_nodes build --build-base /home/gilad/my_roboproto_ws/build/robot_nodes/build install --record /home/gilad/my_roboproto_ws/build/robot_nodes/install.log --single-version-externally-managed install_data
