[1.434s] Invoking command in '/home/gilad/my_roboproto_ws/src/robot_nodes': DEBUGINFOD_URLS=https://debuginfod.ubuntu.com PYTHONPATH=/home/gilad/my_roboproto_ws/build/robot_nodes/prefix_override:/usr/lib/python3/dist-packages/colcon_core/task/python/colcon_distutils_commands:/home/gilad/my_roboproto_ws/install/robot_nodes/lib/python3.12/site-packages:${PYTHONPATH} /usr/bin/python3 -W ignore:setup.py install is deprecated -W ignore:easy_install command is deprecated setup.py egg_info --egg-base ../../build/robot_nodes build --build-base /home/gilad/my_roboproto_ws/build/robot_nodes/build install --record /home/gilad/my_roboproto_ws/build/robot_nodes/install.log --single-version-externally-managed install_data
[1.888s] running egg_info
[1.922s] writing ../../build/robot_nodes/robot_nodes.egg-info/PKG-INFO
[1.923s] writing dependency_links to ../../build/robot_nodes/robot_nodes.egg-info/dependency_links.txt
[1.923s] writing entry points to ../../build/robot_nodes/robot_nodes.egg-info/entry_points.txt
[1.923s] writing requirements to ../../build/robot_nodes/robot_nodes.egg-info/requires.txt
[1.923s] writing top-level names to ../../build/robot_nodes/robot_nodes.egg-info/top_level.txt
[1.989s] reading manifest file '../../build/robot_nodes/robot_nodes.egg-info/SOURCES.txt'
[1.990s] writing manifest file '../../build/robot_nodes/robot_nodes.egg-info/SOURCES.txt'
[1.991s] running build
[1.991s] running build_py
[1.991s] copying robot_nodes/state_machine.py -> /home/gilad/my_roboproto_ws/build/robot_nodes/build/lib/robot_nodes
[1.992s] running install
[2.003s] running install_lib
[2.037s] copying /home/gilad/my_roboproto_ws/build/robot_nodes/build/lib/robot_nodes/state_machine.py -> /home/gilad/my_roboproto_ws/install/robot_nodes/lib/python3.12/site-packages/robot_nodes
[2.038s] byte-compiling /home/gilad/my_roboproto_ws/install/robot_nodes/lib/python3.12/site-packages/robot_nodes/state_machine.py to state_machine.cpython-312.pyc
[2.039s] running install_data
[2.040s] running install_egg_info
[2.075s] removing '/home/gilad/my_roboproto_ws/install/robot_nodes/lib/python3.12/site-packages/robot_nodes-0.0.0-py3.12.egg-info' (and everything under it)
[2.075s] Copying ../../build/robot_nodes/robot_nodes.egg-info to /home/gilad/my_roboproto_ws/install/robot_nodes/lib/python3.12/site-packages/robot_nodes-0.0.0-py3.12.egg-info
[2.077s] running install_scripts
[2.302s] Installing distance_sensor script to /home/gilad/my_roboproto_ws/install/robot_nodes/lib/robot_nodes
[2.302s] Installing motor_node script to /home/gilad/my_roboproto_ws/install/robot_nodes/lib/robot_nodes
[2.303s] Installing state_machine script to /home/gilad/my_roboproto_ws/install/robot_nodes/lib/robot_nodes
[2.303s] writing list of installed files to '/home/gilad/my_roboproto_ws/build/robot_nodes/install.log'
[2.356s] Invoked command in '/home/gilad/my_roboproto_ws/src/robot_nodes' returned '0': DEBUGINFOD_URLS=https://debuginfod.ubuntu.com PYTHONPATH=/home/gilad/my_roboproto_ws/build/robot_nodes/prefix_override:/usr/lib/python3/dist-packages/colcon_core/task/python/colcon_distutils_commands:/home/gilad/my_roboproto_ws/install/robot_nodes/lib/python3.12/site-packages:${PYTHONPATH} /usr/bin/python3 -W ignore:setup.py install is deprecated -W ignore:easy_install command is deprecated setup.py egg_info --egg-base ../../build/robot_nodes build --build-base /home/gilad/my_roboproto_ws/build/robot_nodes/build install --record /home/gilad/my_roboproto_ws/build/robot_nodes/install.log --single-version-externally-managed install_data
