[1.430s] Invoking command in '/home/gilad/my_roboproto_ws/build/robot_nodes': DEBUGINFOD_URLS=https://debuginfod.ubuntu.com PYTHONPATH=/home/gilad/my_roboproto_ws/build/robot_nodes/prefix_override:/usr/lib/python3/dist-packages/colcon_core/task/python/colcon_distutils_commands:/home/gilad/my_roboproto_ws/install/robot_nodes/lib/python3.12/site-packages:${PYTHONPATH} /usr/bin/python3 -W ignore:setup.py install is deprecated -W ignore:easy_install command is deprecated setup.py develop --uninstall --editable --build-directory /home/gilad/my_roboproto_ws/build/robot_nodes/build
[1.948s] running develop
[2.291s] Removing /home/gilad/my_roboproto_ws/install/robot_nodes/lib/python3.12/site-packages/robot-nodes.egg-link (link to .)
[2.377s] Invoked command in '/home/gilad/my_roboproto_ws/build/robot_nodes' returned '0': DEBUGINFOD_URLS=https://debuginfod.ubuntu.com PYTHONPATH=/home/gilad/my_roboproto_ws/build/robot_nodes/prefix_override:/usr/lib/python3/dist-packages/colcon_core/task/python/colcon_distutils_commands:/home/gilad/my_roboproto_ws/install/robot_nodes/lib/python3.12/site-packages:${PYTHONPATH} /usr/bin/python3 -W ignore:setup.py install is deprecated -W ignore:easy_install command is deprecated setup.py develop --uninstall --editable --build-directory /home/gilad/my_roboproto_ws/build/robot_nodes/build
[2.380s] Invoking command in '/home/gilad/my_roboproto_ws/src/robot_nodes': DEBUGINFOD_URLS=https://debuginfod.ubuntu.com PYTHONPATH=/home/gilad/my_roboproto_ws/build/robot_nodes/prefix_override:/usr/lib/python3/dist-packages/colcon_core/task/python/colcon_distutils_commands:/home/gilad/my_roboproto_ws/install/robot_nodes/lib/python3.12/site-packages:${PYTHONPATH} /usr/bin/python3 -W ignore:setup.py install is deprecated -W ignore:easy_install command is deprecated setup.py egg_info --egg-base ../../build/robot_nodes build --build-base /home/gilad/my_roboproto_ws/build/robot_nodes/build install --record /home/gilad/my_roboproto_ws/build/robot_nodes/install.log --single-version-externally-managed install_data --force
[2.819s] running egg_info
[2.852s] writing ../../build/robot_nodes/robot_nodes.egg-info/PKG-INFO
[2.852s] writing dependency_links to ../../build/robot_nodes/robot_nodes.egg-info/dependency_links.txt
[2.852s] writing entry points to ../../build/robot_nodes/robot_nodes.egg-info/entry_points.txt
[2.852s] writing requirements to ../../build/robot_nodes/robot_nodes.egg-info/requires.txt
[2.853s] writing top-level names to ../../build/robot_nodes/robot_nodes.egg-info/top_level.txt
[2.918s] reading manifest file '../../build/robot_nodes/robot_nodes.egg-info/SOURCES.txt'
[2.919s] writing manifest file '../../build/robot_nodes/robot_nodes.egg-info/SOURCES.txt'
[2.919s] running build
[2.920s] running build_py
[2.920s] running install
[2.931s] running install_lib
[2.964s] creating /home/gilad/my_roboproto_ws/install/robot_nodes/lib/python3.12/site-packages/robot_nodes
[2.964s] copying /home/gilad/my_roboproto_ws/build/robot_nodes/build/lib/robot_nodes/distance_sensor.py -> /home/gilad/my_roboproto_ws/install/robot_nodes/lib/python3.12/site-packages/robot_nodes
[2.964s] copying /home/gilad/my_roboproto_ws/build/robot_nodes/build/lib/robot_nodes/motor_node.py -> /home/gilad/my_roboproto_ws/install/robot_nodes/lib/python3.12/site-packages/robot_nodes
[2.965s] copying /home/gilad/my_roboproto_ws/build/robot_nodes/build/lib/robot_nodes/__init__.py -> /home/gilad/my_roboproto_ws/install/robot_nodes/lib/python3.12/site-packages/robot_nodes
[2.965s] copying /home/gilad/my_roboproto_ws/build/robot_nodes/build/lib/robot_nodes/state_machine.py -> /home/gilad/my_roboproto_ws/install/robot_nodes/lib/python3.12/site-packages/robot_nodes
[2.966s] byte-compiling /home/gilad/my_roboproto_ws/install/robot_nodes/lib/python3.12/site-packages/robot_nodes/distance_sensor.py to distance_sensor.cpython-312.pyc
[2.967s] byte-compiling /home/gilad/my_roboproto_ws/install/robot_nodes/lib/python3.12/site-packages/robot_nodes/motor_node.py to motor_node.cpython-312.pyc
[2.968s] byte-compiling /home/gilad/my_roboproto_ws/install/robot_nodes/lib/python3.12/site-packages/robot_nodes/__init__.py to __init__.cpython-312.pyc
[2.968s] byte-compiling /home/gilad/my_roboproto_ws/install/robot_nodes/lib/python3.12/site-packages/robot_nodes/state_machine.py to state_machine.cpython-312.pyc
[2.969s]   File "/home/gilad/my_roboproto_ws/install/robot_nodes/lib/python3.12/site-packages/robot_nodes/state_machine.py", line 24
[2.969s]     def desicion_logic(self)
[2.969s]                             ^
[2.969s] SyntaxError: expected ':'
[2.969s] 
[2.969s] running install_data
[2.969s] copying resource/robot_nodes -> /home/gilad/my_roboproto_ws/install/robot_nodes/share/ament_index/resource_index/packages
[2.970s] copying package.xml -> /home/gilad/my_roboproto_ws/install/robot_nodes/share/robot_nodes
[2.970s] running install_egg_info
[3.004s] Copying ../../build/robot_nodes/robot_nodes.egg-info to /home/gilad/my_roboproto_ws/install/robot_nodes/lib/python3.12/site-packages/robot_nodes-0.0.0-py3.12.egg-info
[3.006s] running install_scripts
[3.224s] Installing distance_sensor script to /home/gilad/my_roboproto_ws/install/robot_nodes/lib/robot_nodes
[3.224s] Installing motor_node script to /home/gilad/my_roboproto_ws/install/robot_nodes/lib/robot_nodes
[3.224s] Installing state_machine script to /home/gilad/my_roboproto_ws/install/robot_nodes/lib/robot_nodes
[3.225s] writing list of installed files to '/home/gilad/my_roboproto_ws/build/robot_nodes/install.log'
[3.276s] Invoked command in '/home/gilad/my_roboproto_ws/src/robot_nodes' returned '0': DEBUGINFOD_URLS=https://debuginfod.ubuntu.com PYTHONPATH=/home/gilad/my_roboproto_ws/build/robot_nodes/prefix_override:/usr/lib/python3/dist-packages/colcon_core/task/python/colcon_distutils_commands:/home/gilad/my_roboproto_ws/install/robot_nodes/lib/python3.12/site-packages:${PYTHONPATH} /usr/bin/python3 -W ignore:setup.py install is deprecated -W ignore:easy_install command is deprecated setup.py egg_info --egg-base ../../build/robot_nodes build --build-base /home/gilad/my_roboproto_ws/build/robot_nodes/build install --record /home/gilad/my_roboproto_ws/build/robot_nodes/install.log --single-version-externally-managed install_data --force
